WARNING: System properties and/or JVM args set.  Consider using --dry-run or --exec
0    INFO  (main) [   ] o.e.j.u.log Logging initialized @736ms
434  INFO  (main) [   ] o.e.j.s.Server jetty-9.2.13.v20150730
480  WARN  (main) [   ] o.e.j.s.h.RequestLogHandler !RequestLog
493  INFO  (main) [   ] o.e.j.d.p.ScanningAppProvider Deployment monitor [file:/home/dhruv/Class%20Projects/CZ4034/solr-5.5.0/server/contexts/] at interval 0
1591 INFO  (main) [   ] o.e.j.w.StandardDescriptorProcessor NO JSP Support for /solr, did not find org.apache.jasper.servlet.JspServlet
1624 WARN  (main) [   ] o.e.j.s.SecurityHandler ServletContext@o.e.j.w.WebAppContext@3c0ecd4b{/solr,file:/home/dhruv/Class%20Projects/CZ4034/solr-5.5.0/server/solr-webapp/webapp/,STARTING}{/home/dhruv/Class Projects/CZ4034/solr-5.5.0/server/solr-webapp/webapp} has uncovered http methods for path: /
1655 INFO  (main) [   ] o.a.s.s.SolrDispatchFilter SolrDispatchFilter.init(): WebAppClassLoader=1846896625@6e1567f1
1693 INFO  (main) [   ] o.a.s.c.SolrResourceLoader JNDI not configured for solr (NoInitialContextEx)
1694 INFO  (main) [   ] o.a.s.c.SolrResourceLoader using system property solr.solr.home: /home/dhruv/Class Projects/CZ4034/solr-5.5.0/server/solr
1696 INFO  (main) [   ] o.a.s.c.SolrResourceLoader new SolrResourceLoader for directory: '/home/dhruv/Class Projects/CZ4034/solr-5.5.0/server/solr'
1697 INFO  (main) [   ] o.a.s.c.SolrResourceLoader JNDI not configured for solr (NoInitialContextEx)
1697 INFO  (main) [   ] o.a.s.c.SolrResourceLoader using system property solr.solr.home: /home/dhruv/Class Projects/CZ4034/solr-5.5.0/server/solr
1712 INFO  (main) [   ] o.a.s.c.SolrXmlConfig Loading container configuration from /home/dhruv/Class Projects/CZ4034/solr-5.5.0/server/solr/solr.xml
1877 INFO  (main) [   ] o.a.s.c.CorePropertiesLocator Config-defined core root directory: /home/dhruv/Class Projects/CZ4034/solr-5.5.0/server/solr
1935 INFO  (main) [   ] o.a.s.c.CoreContainer New CoreContainer 341853399
1936 INFO  (main) [   ] o.a.s.c.CoreContainer Loading cores into CoreContainer [instanceDir=/home/dhruv/Class Projects/CZ4034/solr-5.5.0/server/solr]
1938 WARN  (main) [   ] o.a.s.c.CoreContainer Couldn't add files from /home/dhruv/Class Projects/CZ4034/solr-5.5.0/server/solr/lib to classpath: /home/dhruv/Class Projects/CZ4034/solr-5.5.0/server/solr/lib
1969 INFO  (main) [   ] o.a.s.h.c.HttpShardHandlerFactory created with socketTimeout : 600000,connTimeout : 60000,maxConnectionsPerHost : 20,maxConnections : 10000,corePoolSize : 0,maximumPoolSize : 2147483647,maxThreadIdleTime : 5,sizeOfQueue : -1,fairnessPolicy : false,useRetries : false,
2480 INFO  (main) [   ] o.a.s.u.UpdateShardHandler Creating UpdateShardHandler HTTP client with params: socketTimeout=600000&connTimeout=60000&retry=true
2490 INFO  (main) [   ] o.a.s.l.LogWatcher SLF4J impl is org.slf4j.impl.Log4jLoggerFactory
2492 INFO  (main) [   ] o.a.s.l.LogWatcher Registering Log Listener [Log4j (org.slf4j.impl.Log4jLoggerFactory)]
2498 INFO  (main) [   ] o.a.s.c.CoreContainer Security conf doesn't exist. Skipping setup for authorization module.
2499 INFO  (main) [   ] o.a.s.c.CoreContainer No authentication plugin used.
2605 INFO  (main) [   ] o.a.s.c.CorePropertiesLocator Looking for core definitions underneath /home/dhruv/Class Projects/CZ4034/solr-5.5.0/server/solr
2665 INFO  (main) [   ] o.a.s.c.CoreDescriptor Created CoreDescriptor: {name=tweets, config=solrconfig.xml, loadOnStartup=true, schema=schema.xml, configSetProperties=configsetprops.json, transient=false, dataDir=data/}
2665 INFO  (main) [   ] o.a.s.c.CorePropertiesLocator Found core tweets in /home/dhruv/Class Projects/CZ4034/solr-5.5.0/server/solr/tweets
2667 INFO  (main) [   ] o.a.s.c.CorePropertiesLocator Found 1 core definitions
2676 INFO  (main) [   ] o.a.s.s.SolrDispatchFilter user.dir=/home/dhruv/Class Projects/CZ4034/solr-5.5.0/server
2676 INFO  (main) [   ] o.a.s.s.SolrDispatchFilter SolrDispatchFilter.init() done
2677 INFO  (coreLoadExecutor-6-thread-1) [   ] o.a.s.c.SolrResourceLoader new SolrResourceLoader for directory: '/home/dhruv/Class Projects/CZ4034/solr-5.5.0/server/solr/tweets'
2678 INFO  (coreLoadExecutor-6-thread-1) [   ] o.a.s.c.SolrResourceLoader JNDI not configured for solr (NoInitialContextEx)
2678 INFO  (coreLoadExecutor-6-thread-1) [   ] o.a.s.c.SolrResourceLoader using system property solr.solr.home: /home/dhruv/Class Projects/CZ4034/solr-5.5.0/server/solr
2709 INFO  (main) [   ] o.e.j.s.h.ContextHandler Started o.e.j.w.WebAppContext@3c0ecd4b{/solr,file:/home/dhruv/Class%20Projects/CZ4034/solr-5.5.0/server/solr-webapp/webapp/,AVAILABLE}{/home/dhruv/Class Projects/CZ4034/solr-5.5.0/server/solr-webapp/webapp}
2739 INFO  (main) [   ] o.e.j.s.ServerConnector Started ServerConnector@77888435{HTTP/1.1}{0.0.0.0:8983}
2740 INFO  (main) [   ] o.e.j.s.Server Started @3481ms
2859 INFO  (coreLoadExecutor-6-thread-1) [   ] o.a.s.c.SolrConfig current version of requestparams : 0
2873 INFO  (coreLoadExecutor-6-thread-1) [   ] o.a.s.c.SolrConfig Adding specified lib dirs to ClassLoader
2892 INFO  (coreLoadExecutor-6-thread-1) [   ] o.a.s.c.SolrResourceLoader Adding 'file:/home/dhruv/Class%20Projects/CZ4034/solr-5.5.0/contrib/extraction/lib/tika-core-1.7.jar' to classloader
2892 INFO  (coreLoadExecutor-6-thread-1) [   ] o.a.s.c.SolrResourceLoader Adding 'file:/home/dhruv/Class%20Projects/CZ4034/solr-5.5.0/contrib/extraction/lib/rome-1.0.jar' to classloader
2892 INFO  (coreLoadExecutor-6-thread-1) [   ] o.a.s.c.SolrResourceLoader Adding 'file:/home/dhruv/Class%20Projects/CZ4034/solr-5.5.0/contrib/extraction/lib/xz-1.5.jar' to classloader
2892 INFO  (coreLoadExecutor-6-thread-1) [   ] o.a.s.c.SolrResourceLoader Adding 'file:/home/dhruv/Class%20Projects/CZ4034/solr-5.5.0/contrib/extraction/lib/apache-mime4j-dom-0.7.2.jar' to classloader
2892 INFO  (coreLoadExecutor-6-thread-1) [   ] o.a.s.c.SolrResourceLoader Adding 'file:/home/dhruv/Class%20Projects/CZ4034/solr-5.5.0/contrib/extraction/lib/icu4j-54.1.jar' to classloader
2892 INFO  (coreLoadExecutor-6-thread-1) [   ] o.a.s.c.SolrResourceLoader Adding 'file:/home/dhruv/Class%20Projects/CZ4034/solr-5.5.0/contrib/extraction/lib/jmatio-1.0.jar' to classloader
2893 INFO  (coreLoadExecutor-6-thread-1) [   ] o.a.s.c.SolrResourceLoader Adding 'file:/home/dhruv/Class%20Projects/CZ4034/solr-5.5.0/contrib/extraction/lib/bcmail-jdk15-1.45.jar' to classloader
2893 INFO  (coreLoadExecutor-6-thread-1) [   ] o.a.s.c.SolrResourceLoader Adding 'file:/home/dhruv/Class%20Projects/CZ4034/solr-5.5.0/contrib/extraction/lib/commons-compress-1.8.1.jar' to classloader
2893 INFO  (coreLoadExecutor-6-thread-1) [   ] o.a.s.c.SolrResourceLoader Adding 'file:/home/dhruv/Class%20Projects/CZ4034/solr-5.5.0/contrib/extraction/lib/poi-ooxml-3.11.jar' to classloader
2893 INFO  (coreLoadExecutor-6-thread-1) [   ] o.a.s.c.SolrResourceLoader Adding 'file:/home/dhruv/Class%20Projects/CZ4034/solr-5.5.0/contrib/extraction/lib/juniversalchardet-1.0.3.jar' to classloader
2893 INFO  (coreLoadExecutor-6-thread-1) [   ] o.a.s.c.SolrResourceLoader Adding 'file:/home/dhruv/Class%20Projects/CZ4034/solr-5.5.0/contrib/extraction/lib/xercesImpl-2.9.1.jar' to classloader
2893 INFO  (coreLoadExecutor-6-thread-1) [   ] o.a.s.c.SolrResourceLoader Adding 'file:/home/dhruv/Class%20Projects/CZ4034/solr-5.5.0/contrib/extraction/lib/tika-java7-1.7.jar' to classloader
2893 INFO  (coreLoadExecutor-6-thread-1) [   ] o.a.s.c.SolrResourceLoader Adding 'file:/home/dhruv/Class%20Projects/CZ4034/solr-5.5.0/contrib/extraction/lib/bcprov-jdk15-1.45.jar' to classloader
2894 INFO  (coreLoadExecutor-6-thread-1) [   ] o.a.s.c.SolrResourceLoader Adding 'file:/home/dhruv/Class%20Projects/CZ4034/solr-5.5.0/contrib/extraction/lib/poi-3.11.jar' to classloader
2894 INFO  (coreLoadExecutor-6-thread-1) [   ] o.a.s.c.SolrResourceLoader Adding 'file:/home/dhruv/Class%20Projects/CZ4034/solr-5.5.0/contrib/extraction/lib/apache-mime4j-core-0.7.2.jar' to classloader
2894 INFO  (coreLoadExecutor-6-thread-1) [   ] o.a.s.c.SolrResourceLoader Adding 'file:/home/dhruv/Class%20Projects/CZ4034/solr-5.5.0/contrib/extraction/lib/poi-scratchpad-3.11.jar' to classloader
2894 INFO  (coreLoadExecutor-6-thread-1) [   ] o.a.s.c.SolrResourceLoader Adding 'file:/home/dhruv/Class%20Projects/CZ4034/solr-5.5.0/contrib/extraction/lib/tagsoup-1.2.1.jar' to classloader
2894 INFO  (coreLoadExecutor-6-thread-1) [   ] o.a.s.c.SolrResourceLoader Adding 'file:/home/dhruv/Class%20Projects/CZ4034/solr-5.5.0/contrib/extraction/lib/boilerpipe-1.1.0.jar' to classloader
2894 INFO  (coreLoadExecutor-6-thread-1) [   ] o.a.s.c.SolrResourceLoader Adding 'file:/home/dhruv/Class%20Projects/CZ4034/solr-5.5.0/contrib/extraction/lib/jempbox-1.8.8.jar' to classloader
2894 INFO  (coreLoadExecutor-6-thread-1) [   ] o.a.s.c.SolrResourceLoader Adding 'file:/home/dhruv/Class%20Projects/CZ4034/solr-5.5.0/contrib/extraction/lib/vorbis-java-core-0.6.jar' to classloader
2895 INFO  (coreLoadExecutor-6-thread-1) [   ] o.a.s.c.SolrResourceLoader Adding 'file:/home/dhruv/Class%20Projects/CZ4034/solr-5.5.0/contrib/extraction/lib/java-libpst-0.8.1.jar' to classloader
2895 INFO  (coreLoadExecutor-6-thread-1) [   ] o.a.s.c.SolrResourceLoader Adding 'file:/home/dhruv/Class%20Projects/CZ4034/solr-5.5.0/contrib/extraction/lib/tika-xmp-1.7.jar' to classloader
2895 INFO  (coreLoadExecutor-6-thread-1) [   ] o.a.s.c.SolrResourceLoader Adding 'file:/home/dhruv/Class%20Projects/CZ4034/solr-5.5.0/contrib/extraction/lib/xmlbeans-2.6.0.jar' to classloader
2895 INFO  (coreLoadExecutor-6-thread-1) [   ] o.a.s.c.SolrResourceLoader Adding 'file:/home/dhruv/Class%20Projects/CZ4034/solr-5.5.0/contrib/extraction/lib/xmpcore-5.1.2.jar' to classloader
2903 INFO  (coreLoadExecutor-6-thread-1) [   ] o.a.s.c.SolrResourceLoader Adding 'file:/home/dhruv/Class%20Projects/CZ4034/solr-5.5.0/contrib/extraction/lib/pdfbox-1.8.8.jar' to classloader
2904 INFO  (coreLoadExecutor-6-thread-1) [   ] o.a.s.c.SolrResourceLoader Adding 'file:/home/dhruv/Class%20Projects/CZ4034/solr-5.5.0/contrib/extraction/lib/poi-ooxml-schemas-3.11.jar' to classloader
2904 INFO  (coreLoadExecutor-6-thread-1) [   ] o.a.s.c.SolrResourceLoader Adding 'file:/home/dhruv/Class%20Projects/CZ4034/solr-5.5.0/contrib/extraction/lib/metadata-extractor-2.6.2.jar' to classloader
2904 INFO  (coreLoadExecutor-6-thread-1) [   ] o.a.s.c.SolrResourceLoader Adding 'file:/home/dhruv/Class%20Projects/CZ4034/solr-5.5.0/contrib/extraction/lib/aspectjrt-1.8.0.jar' to classloader
2904 INFO  (coreLoadExecutor-6-thread-1) [   ] o.a.s.c.SolrResourceLoader Adding 'file:/home/dhruv/Class%20Projects/CZ4034/solr-5.5.0/contrib/extraction/lib/tika-parsers-1.7.jar' to classloader
2904 INFO  (coreLoadExecutor-6-thread-1) [   ] o.a.s.c.SolrResourceLoader Adding 'file:/home/dhruv/Class%20Projects/CZ4034/solr-5.5.0/contrib/extraction/lib/fontbox-1.8.8.jar' to classloader
2904 INFO  (coreLoadExecutor-6-thread-1) [   ] o.a.s.c.SolrResourceLoader Adding 'file:/home/dhruv/Class%20Projects/CZ4034/solr-5.5.0/contrib/extraction/lib/vorbis-java-tika-0.6.jar' to classloader
2905 INFO  (coreLoadExecutor-6-thread-1) [   ] o.a.s.c.SolrResourceLoader Adding 'file:/home/dhruv/Class%20Projects/CZ4034/solr-5.5.0/contrib/extraction/lib/isoparser-1.0.2.jar' to classloader
2905 INFO  (coreLoadExecutor-6-thread-1) [   ] o.a.s.c.SolrResourceLoader Adding 'file:/home/dhruv/Class%20Projects/CZ4034/solr-5.5.0/contrib/extraction/lib/jdom-1.0.jar' to classloader
2905 INFO  (coreLoadExecutor-6-thread-1) [   ] o.a.s.c.SolrResourceLoader Adding 'file:/home/dhruv/Class%20Projects/CZ4034/solr-5.5.0/dist/solr-cell-5.5.0.jar' to classloader
2905 INFO  (coreLoadExecutor-6-thread-1) [   ] o.a.s.c.SolrResourceLoader Adding 'file:/home/dhruv/Class%20Projects/CZ4034/solr-5.5.0/contrib/clustering/lib/carrot2-guava-18.0.jar' to classloader
2905 INFO  (coreLoadExecutor-6-thread-1) [   ] o.a.s.c.SolrResourceLoader Adding 'file:/home/dhruv/Class%20Projects/CZ4034/solr-5.5.0/contrib/clustering/lib/attributes-binder-1.2.3.jar' to classloader
2906 INFO  (coreLoadExecutor-6-thread-1) [   ] o.a.s.c.SolrResourceLoader Adding 'file:/home/dhruv/Class%20Projects/CZ4034/solr-5.5.0/contrib/clustering/lib/mahout-collections-1.0.jar' to classloader
2906 INFO  (coreLoadExecutor-6-thread-1) [   ] o.a.s.c.SolrResourceLoader Adding 'file:/home/dhruv/Class%20Projects/CZ4034/solr-5.5.0/contrib/clustering/lib/jackson-annotations-2.5.4.jar' to classloader
2906 INFO  (coreLoadExecutor-6-thread-1) [   ] o.a.s.c.SolrResourceLoader Adding 'file:/home/dhruv/Class%20Projects/CZ4034/solr-5.5.0/contrib/clustering/lib/jackson-databind-2.5.4.jar' to classloader
2906 INFO  (coreLoadExecutor-6-thread-1) [   ] o.a.s.c.SolrResourceLoader Adding 'file:/home/dhruv/Class%20Projects/CZ4034/solr-5.5.0/contrib/clustering/lib/mahout-math-0.6.jar' to classloader
2906 INFO  (coreLoadExecutor-6-thread-1) [   ] o.a.s.c.SolrResourceLoader Adding 'file:/home/dhruv/Class%20Projects/CZ4034/solr-5.5.0/contrib/clustering/lib/simple-xml-2.7.1.jar' to classloader
2906 INFO  (coreLoadExecutor-6-thread-1) [   ] o.a.s.c.SolrResourceLoader Adding 'file:/home/dhruv/Class%20Projects/CZ4034/solr-5.5.0/contrib/clustering/lib/carrot2-mini-3.10.4.jar' to classloader
2907 INFO  (coreLoadExecutor-6-thread-1) [   ] o.a.s.c.SolrResourceLoader Adding 'file:/home/dhruv/Class%20Projects/CZ4034/solr-5.5.0/dist/solr-clustering-5.5.0.jar' to classloader
2907 INFO  (coreLoadExecutor-6-thread-1) [   ] o.a.s.c.SolrResourceLoader Adding 'file:/home/dhruv/Class%20Projects/CZ4034/solr-5.5.0/contrib/langid/lib/langdetect-1.1-20120112.jar' to classloader
2907 INFO  (coreLoadExecutor-6-thread-1) [   ] o.a.s.c.SolrResourceLoader Adding 'file:/home/dhruv/Class%20Projects/CZ4034/solr-5.5.0/contrib/langid/lib/jsonic-1.2.7.jar' to classloader
2907 INFO  (coreLoadExecutor-6-thread-1) [   ] o.a.s.c.SolrResourceLoader Adding 'file:/home/dhruv/Class%20Projects/CZ4034/solr-5.5.0/dist/solr-langid-5.5.0.jar' to classloader
2908 INFO  (coreLoadExecutor-6-thread-1) [   ] o.a.s.c.SolrResourceLoader Adding 'file:/home/dhruv/Class%20Projects/CZ4034/solr-5.5.0/contrib/velocity/lib/commons-beanutils-1.8.3.jar' to classloader
2908 INFO  (coreLoadExecutor-6-thread-1) [   ] o.a.s.c.SolrResourceLoader Adding 'file:/home/dhruv/Class%20Projects/CZ4034/solr-5.5.0/contrib/velocity/lib/velocity-1.7.jar' to classloader
2908 INFO  (coreLoadExecutor-6-thread-1) [   ] o.a.s.c.SolrResourceLoader Adding 'file:/home/dhruv/Class%20Projects/CZ4034/solr-5.5.0/contrib/velocity/lib/velocity-tools-2.0.jar' to classloader
2908 INFO  (coreLoadExecutor-6-thread-1) [   ] o.a.s.c.SolrResourceLoader Adding 'file:/home/dhruv/Class%20Projects/CZ4034/solr-5.5.0/contrib/velocity/lib/commons-collections-3.2.2.jar' to classloader
2908 INFO  (coreLoadExecutor-6-thread-1) [   ] o.a.s.c.SolrResourceLoader Adding 'file:/home/dhruv/Class%20Projects/CZ4034/solr-5.5.0/dist/solr-velocity-5.5.0.jar' to classloader
3405 WARN  (coreLoadExecutor-6-thread-1) [   ] o.a.s.c.Config Beginning with Solr 5.5, <maxMergeDocs> is deprecated, configure it on the relevant <mergePolicyFactory> instead.
3407 WARN  (coreLoadExecutor-6-thread-1) [   ] o.a.s.c.Config Beginning with Solr 5.5, <mergeFactor> is deprecated, configure it on the relevant <mergePolicyFactory> instead.
3634 INFO  (coreLoadExecutor-6-thread-1) [   ] o.a.s.c.SolrConfig Using Lucene MatchVersion: 5.5.0
3869 INFO  (coreLoadExecutor-6-thread-1) [   ] o.a.s.c.SolrConfig Loaded SolrConfig: solrconfig.xml
4020 INFO  (coreLoadExecutor-6-thread-1) [   ] o.a.s.s.IndexSchema [tweets] Schema name=example-data-driven-schema
5177 INFO  (coreLoadExecutor-6-thread-1) [   ] o.a.s.s.IndexSchema unique key field: id
5730 INFO  (coreLoadExecutor-6-thread-1) [   ] o.a.s.s.FileExchangeRateProvider Reloading exchange rates from file currency.xml
5758 INFO  (coreLoadExecutor-6-thread-1) [   ] o.a.s.s.FileExchangeRateProvider Reloading exchange rates from file currency.xml
5837 INFO  (coreLoadExecutor-6-thread-1) [   ] o.a.s.c.ConfigSetProperties Did not find ConfigSet properties, assuming default properties: Can't find resource 'configsetprops.json' in classpath or '/home/dhruv/Class Projects/CZ4034/solr-5.5.0/server/solr/tweets'
5838 INFO  (coreLoadExecutor-6-thread-1) [   ] o.a.s.c.CoreContainer Creating SolrCore 'tweets' using configuration from instancedir /home/dhruv/Class Projects/CZ4034/solr-5.5.0/server/solr/tweets
5874 INFO  (coreLoadExecutor-6-thread-1) [   x:tweets] o.a.s.c.SolrCore solr.NRTCachingDirectoryFactory
5896 INFO  (coreLoadExecutor-6-thread-1) [   x:tweets] o.a.s.c.SolrCore [[tweets] ] Opening new SolrCore at [/home/dhruv/Class Projects/CZ4034/solr-5.5.0/server/solr/tweets], dataDir=[/home/dhruv/Class Projects/CZ4034/solr-5.5.0/server/solr/tweets/data/]
5900 INFO  (coreLoadExecutor-6-thread-1) [   x:tweets] o.a.s.c.JmxMonitoredMap No JMX servers found, not exposing Solr information with JMX.
5907 INFO  (coreLoadExecutor-6-thread-1) [   x:tweets] o.a.s.c.SolrCore [[tweets] ] Added SolrEventListener for newSearcher: [org.apache.solr.core.QuerySenderListener{queries=[]}]
5908 INFO  (coreLoadExecutor-6-thread-1) [   x:tweets] o.a.s.c.SolrCore [[tweets] ] Added SolrEventListener for firstSearcher: [org.apache.solr.core.QuerySenderListener{queries=[]}]
5916 INFO  (coreLoadExecutor-6-thread-1) [   x:tweets] o.a.s.c.SchemaCodecFactory Using default compressionMode: BEST_SPEED
5941 INFO  (coreLoadExecutor-6-thread-1) [   x:tweets] o.a.s.c.CachingDirectoryFactory return new directory for /home/dhruv/Class Projects/CZ4034/solr-5.5.0/server/solr/tweets/data
5943 INFO  (coreLoadExecutor-6-thread-1) [   x:tweets] o.a.s.c.SolrCore New index directory detected: old=null new=/home/dhruv/Class Projects/CZ4034/solr-5.5.0/server/solr/tweets/data/index/
5944 WARN  (coreLoadExecutor-6-thread-1) [   x:tweets] o.a.s.c.SolrCore [tweets] Solr index directory '/home/dhruv/Class Projects/CZ4034/solr-5.5.0/server/solr/tweets/data/index' doesn't exist. Creating new index...
6025 INFO  (coreLoadExecutor-6-thread-1) [   x:tweets] o.a.s.c.CachingDirectoryFactory return new directory for /home/dhruv/Class Projects/CZ4034/solr-5.5.0/server/solr/tweets/data/index
6141 INFO  (coreLoadExecutor-6-thread-1) [   x:tweets] o.a.s.c.SolrDeletionPolicy SolrDeletionPolicy.onCommit: commits: num=1
	commit{dir=NRTCachingDirectory(MMapDirectory@/home/dhruv/Class Projects/CZ4034/solr-5.5.0/server/solr/tweets/data/index lockFactory=org.apache.lucene.store.NativeFSLockFactory@209e7bf3; maxCacheMB=48.0 maxMergeSizeMB=4.0),segFN=segments_1,generation=1}
6142 INFO  (coreLoadExecutor-6-thread-1) [   x:tweets] o.a.s.c.SolrDeletionPolicy newest commit generation = 1
6146 INFO  (OldIndexDirectoryCleanupThreadForCore-tweets) [   x:tweets] o.a.s.c.SolrCore Looking for old index directories to cleanup for core tweets in /home/dhruv/Class Projects/CZ4034/solr-5.5.0/server/solr/tweets/data/
6150 INFO  (coreLoadExecutor-6-thread-1) [   x:tweets] o.a.s.c.PluginBag queryResponseWriter : 'velocity' created with startup=lazy 
6159 INFO  (coreLoadExecutor-6-thread-1) [   x:tweets] o.a.s.r.XSLTResponseWriter xsltCacheLifetimeSeconds=5
6311 INFO  (coreLoadExecutor-6-thread-1) [   x:tweets] o.a.s.u.p.UpdateRequestProcessorChain creating updateRequestProcessorChain "add-unknown-fields-to-the-schema"
6431 INFO  (coreLoadExecutor-6-thread-1) [   x:tweets] o.a.s.c.SolrCore no updateRequestProcessorChain defined as default, creating implicit default
6490 INFO  (coreLoadExecutor-6-thread-1) [   x:tweets] o.a.s.h.l.XMLLoader xsltCacheLifetimeSeconds=60
6496 INFO  (coreLoadExecutor-6-thread-1) [   x:tweets] o.a.s.h.l.XMLLoader xsltCacheLifetimeSeconds=60
6498 INFO  (coreLoadExecutor-6-thread-1) [   x:tweets] o.a.s.h.l.XMLLoader xsltCacheLifetimeSeconds=60
6500 INFO  (coreLoadExecutor-6-thread-1) [   x:tweets] o.a.s.h.l.XMLLoader xsltCacheLifetimeSeconds=60
6529 INFO  (coreLoadExecutor-6-thread-1) [   x:tweets] o.a.s.c.PluginBag requestHandler : '/update/extract' created with startup=lazy 
6530 INFO  (coreLoadExecutor-6-thread-1) [   x:tweets] o.a.s.c.PluginBag requestHandler : '/analysis/field' created with startup=lazy 
6530 INFO  (coreLoadExecutor-6-thread-1) [   x:tweets] o.a.s.c.PluginBag requestHandler : '/analysis/document' created with startup=lazy 
6534 INFO  (coreLoadExecutor-6-thread-1) [   x:tweets] o.a.s.c.PluginBag requestHandler : '/spell' created with startup=lazy 
6534 INFO  (coreLoadExecutor-6-thread-1) [   x:tweets] o.a.s.c.PluginBag requestHandler : '/tvrh' created with startup=lazy 
6534 INFO  (coreLoadExecutor-6-thread-1) [   x:tweets] o.a.s.c.PluginBag requestHandler : '/terms' created with startup=lazy 
6534 INFO  (coreLoadExecutor-6-thread-1) [   x:tweets] o.a.s.c.PluginBag requestHandler : '/elevate' created with startup=lazy 
6535 INFO  (coreLoadExecutor-6-thread-1) [   x:tweets] o.a.s.c.RequestHandlers Registered paths: /admin/mbeans,/browse,/update/json/docs,/admin/luke,/export,/get,/admin/properties,/elevate,/update/json,/admin/threads,/query,/analysis/field,/analysis/document,/spell,/update/csv,/tvrh,/select,/admin/segments,/admin/system,/replication,/config,/schema,/admin/plugins,/admin/logging,/admin/ping,/update,/admin/file,/debug/dump,/terms,/update/extract
6538 INFO  (coreLoadExecutor-6-thread-1) [   x:tweets] o.a.s.c.SolrCore Using default statsCache cache: org.apache.solr.search.stats.LocalStatsCache
6559 INFO  (coreLoadExecutor-6-thread-1) [   x:tweets] o.a.s.u.UpdateHandler Using UpdateLog implementation: org.apache.solr.update.UpdateLog
6559 INFO  (coreLoadExecutor-6-thread-1) [   x:tweets] o.a.s.u.UpdateLog Initializing UpdateLog: dataDir= defaultSyncLevel=FLUSH numRecordsToKeep=100 maxNumLogsToKeep=10 numVersionBuckets=65536
6576 INFO  (coreLoadExecutor-6-thread-1) [   x:tweets] o.a.s.u.CommitTracker Hard AutoCommit: if uncommited for 15000ms; 
6576 INFO  (coreLoadExecutor-6-thread-1) [   x:tweets] o.a.s.u.CommitTracker Soft AutoCommit: disabled
6589 INFO  (coreLoadExecutor-6-thread-1) [   x:tweets] o.a.s.c.SolrDeletionPolicy SolrDeletionPolicy.onInit: commits: num=1
	commit{dir=NRTCachingDirectory(MMapDirectory@/home/dhruv/Class Projects/CZ4034/solr-5.5.0/server/solr/tweets/data/index lockFactory=org.apache.lucene.store.NativeFSLockFactory@209e7bf3; maxCacheMB=48.0 maxMergeSizeMB=4.0),segFN=segments_1,generation=1}
6589 INFO  (coreLoadExecutor-6-thread-1) [   x:tweets] o.a.s.c.SolrDeletionPolicy newest commit generation = 1
6610 INFO  (coreLoadExecutor-6-thread-1) [   x:tweets] o.a.s.s.SolrIndexSearcher Opening Searcher@1538a906[tweets] main
6622 INFO  (coreLoadExecutor-6-thread-1) [   x:tweets] o.a.s.r.ManagedResourceStorage File-based storage initialized to use dir: /home/dhruv/Class Projects/CZ4034/solr-5.5.0/server/solr/tweets/conf
6623 INFO  (coreLoadExecutor-6-thread-1) [   x:tweets] o.a.s.r.RestManager Initializing RestManager with initArgs: {storageDir=/home/dhruv/Class Projects/CZ4034/solr-5.5.0/server/solr/tweets/conf}
6639 INFO  (coreLoadExecutor-6-thread-1) [   x:tweets] o.a.s.r.ManagedResourceStorage Reading _rest_managed.json using file:dir=/home/dhruv/Class Projects/CZ4034/solr-5.5.0/server/solr/tweets/conf
6640 INFO  (coreLoadExecutor-6-thread-1) [   x:tweets] o.a.s.r.RestManager Initializing 0 registered ManagedResources
6653 INFO  (coreLoadExecutor-6-thread-1) [   x:tweets] o.a.s.h.c.SpellCheckComponent Initializing spell checkers
6665 INFO  (coreLoadExecutor-6-thread-1) [   x:tweets] o.a.s.s.DirectSolrSpellChecker init: {name=default,field=tweet_text,classname=solr.DirectSolrSpellChecker,distanceMeasure=internal,accuracy=0.5,maxEdits=2,minPrefix=1,maxInspections=5,minQueryLength=4,maxQueryFrequency=0.01}
6667 INFO  (coreLoadExecutor-6-thread-1) [   x:tweets] o.a.s.h.c.SpellCheckComponent No queryConverter defined, using default converter
6672 INFO  (coreLoadExecutor-6-thread-1) [   x:tweets] o.a.s.h.c.QueryElevationComponent Loading QueryElevation from: /home/dhruv/Class Projects/CZ4034/solr-5.5.0/server/solr/tweets/conf/elevate.xml
6714 INFO  (coreLoadExecutor-6-thread-1) [   x:tweets] o.a.s.h.ReplicationHandler Commits will be reserved for  10000
6716 INFO  (searcherExecutor-7-thread-1-processing-x:tweets) [   x:tweets] o.a.s.c.QuerySenderListener QuerySenderListener sending requests to Searcher@1538a906[tweets] main{ExitableDirectoryReader(UninvertingDirectoryReader())}
6717 INFO  (searcherExecutor-7-thread-1-processing-x:tweets) [   x:tweets] o.a.s.c.QuerySenderListener QuerySenderListener done.
6717 INFO  (searcherExecutor-7-thread-1-processing-x:tweets) [   x:tweets] o.a.s.h.c.SpellCheckComponent Loading spell index for spellchecker: default
6730 INFO  (searcherExecutor-7-thread-1-processing-x:tweets) [   x:tweets] o.a.s.c.SolrCore [tweets] Registered new searcher Searcher@1538a906[tweets] main{ExitableDirectoryReader(UninvertingDirectoryReader())}
6731 INFO  (coreLoadExecutor-6-thread-1) [   x:tweets] o.a.s.u.UpdateLog Looking up max value of version field to seed version buckets
6732 INFO  (coreLoadExecutor-6-thread-1) [   x:tweets] o.a.s.u.VersionInfo Refreshing highest value of _version_ for 65536 version buckets from index
6733 INFO  (coreLoadExecutor-6-thread-1) [   x:tweets] o.a.s.u.VersionInfo No terms found for _version_, cannot seed version bucket highest value from index
6733 INFO  (coreLoadExecutor-6-thread-1) [   x:tweets] o.a.s.u.UpdateLog Could not find max version in index or recent updates, using new clock 1530443638637592576
6742 INFO  (coreLoadExecutor-6-thread-1) [   x:tweets] o.a.s.u.UpdateLog Took 9.0ms to seed version buckets with highest version 1530443638637592576
6743 INFO  (coreLoadExecutor-6-thread-1) [   x:tweets] o.a.s.c.CoreContainer registering core: tweets
33863 INFO  (qtp1013423070-13) [   x:tweets] o.a.s.u.p.LogUpdateProcessorFactory [tweets]  webapp=/solr path=/update params={}{add=[716008646329700400 (1530443664832069632), 716005618520297500 (1530443664967335936), 716000960653488100 (1530443664971530240), 715997180377608200 (1530443664975724544), 715994111455707100 (1530443664978870272), 715992209951219700 (1530443664983064576), 715989885723754500 (1530443664988307456), 715988384120963100 (1530443664993550336), 715987130334490600 (1530443664999841792), 715984609129992200 (1530443665004036096), ... (1000 adds)]} 0 2286
33903 INFO  (qtp1013423070-15) [   x:tweets] o.a.s.u.DirectUpdateHandler2 start commit{,optimize=false,openSearcher=true,waitSearcher=true,expungeDeletes=false,softCommit=false,prepareCommit=false}
34411 INFO  (qtp1013423070-15) [   x:tweets] o.a.s.c.SolrDeletionPolicy SolrDeletionPolicy.onCommit: commits: num=2
	commit{dir=NRTCachingDirectory(MMapDirectory@/home/dhruv/Class Projects/CZ4034/solr-5.5.0/server/solr/tweets/data/index lockFactory=org.apache.lucene.store.NativeFSLockFactory@209e7bf3; maxCacheMB=48.0 maxMergeSizeMB=4.0),segFN=segments_1,generation=1}
	commit{dir=NRTCachingDirectory(MMapDirectory@/home/dhruv/Class Projects/CZ4034/solr-5.5.0/server/solr/tweets/data/index lockFactory=org.apache.lucene.store.NativeFSLockFactory@209e7bf3; maxCacheMB=48.0 maxMergeSizeMB=4.0),segFN=segments_2,generation=2}
34412 INFO  (qtp1013423070-15) [   x:tweets] o.a.s.c.SolrDeletionPolicy newest commit generation = 2
34467 INFO  (qtp1013423070-15) [   x:tweets] o.a.s.s.SolrIndexSearcher Opening Searcher@746f9c9a[tweets] main
34476 INFO  (searcherExecutor-7-thread-1-processing-x:tweets) [   x:tweets] o.a.s.c.QuerySenderListener QuerySenderListener sending requests to Searcher@746f9c9a[tweets] main{ExitableDirectoryReader(UninvertingDirectoryReader(Uninverting(_0(5.5.0):C1000/1:delGen=1)))}
34476 INFO  (searcherExecutor-7-thread-1-processing-x:tweets) [   x:tweets] o.a.s.c.QuerySenderListener QuerySenderListener done.
34477 INFO  (searcherExecutor-7-thread-1-processing-x:tweets) [   x:tweets] o.a.s.c.SolrCore [tweets] Registered new searcher Searcher@746f9c9a[tweets] main{ExitableDirectoryReader(UninvertingDirectoryReader(Uninverting(_0(5.5.0):C1000/1:delGen=1)))}
34488 INFO  (qtp1013423070-15) [   x:tweets] o.a.s.u.DirectUpdateHandler2 end_commit_flush
34489 INFO  (qtp1013423070-15) [   x:tweets] o.a.s.u.p.LogUpdateProcessorFactory [tweets]  webapp=/solr path=/update params={}{commit=} 0 590
53937 INFO  (qtp1013423070-15) [   ] o.a.s.s.HttpSolrCall [admin] webapp=null path=/admin/cores params={indexInfo=false&wt=json&_=1459544838059} status=0 QTime=12
54122 INFO  (qtp1013423070-13) [   ] o.a.s.s.HttpSolrCall [admin] webapp=null path=/admin/info/system params={wt=json&_=1459544838181} status=0 QTime=78
59291 INFO  (qtp1013423070-20) [   ] o.a.s.s.HttpSolrCall [admin] webapp=null path=/admin/cores params={indexInfo=false&wt=json&_=1459544843424} status=0 QTime=4
59606 INFO  (qtp1013423070-17) [   ] o.a.s.s.HttpSolrCall [admin] webapp=null path=/admin/info/system params={wt=json&_=1459544843643} status=0 QTime=100
63006 ERROR (qtp1013423070-19) [   x:tweets] o.a.s.h.a.ShowFileRequestHandler Can not find: admin-extra.menu-top.html [/home/dhruv/Class Projects/CZ4034/solr-5.5.0/server/solr/tweets/conf/admin-extra.menu-top.html]
63009 INFO  (qtp1013423070-19) [   x:tweets] o.a.s.c.S.Request [tweets]  webapp=/solr path=/admin/file params={file=admin-extra.menu-top.html&contentType=text/html;charset%3Dutf-8&_=1459544847144} status=404 QTime=3
63032 ERROR (qtp1013423070-12) [   x:tweets] o.a.s.h.a.ShowFileRequestHandler Can not find: admin-extra.menu-bottom.html [/home/dhruv/Class Projects/CZ4034/solr-5.5.0/server/solr/tweets/conf/admin-extra.menu-bottom.html]
63038 INFO  (qtp1013423070-12) [   x:tweets] o.a.s.c.S.Request [tweets]  webapp=/solr path=/admin/file params={file=admin-extra.menu-bottom.html&contentType=text/html;charset%3Dutf-8&_=1459544847147} status=404 QTime=14
63131 INFO  (qtp1013423070-18) [   x:tweets] o.a.s.c.S.Request [tweets]  webapp=/solr path=/admin/luke params={show=index&numTerms=0&wt=json&_=1459544847245} status=0 QTime=3
63153 INFO  (qtp1013423070-13) [   x:tweets] o.a.s.c.S.Request [tweets]  webapp=/solr path=/replication params={wt=json&command=details&_=1459544847273} status=0 QTime=5
63175 ERROR (qtp1013423070-17) [   x:tweets] o.a.s.h.a.ShowFileRequestHandler Can not find: admin-extra.html [/home/dhruv/Class Projects/CZ4034/solr-5.5.0/server/solr/tweets/conf/admin-extra.html]
63175 INFO  (qtp1013423070-17) [   x:tweets] o.a.s.c.S.Request [tweets]  webapp=/solr path=/admin/file params={file=admin-extra.html&_=1459544847310} status=404 QTime=1
63206 INFO  (qtp1013423070-16) [   x:tweets] o.a.s.c.S.Request [tweets]  webapp=/solr path=/admin/ping params={action=status&wt=json&_=1459544847318} status=503 QTime=4
63214 INFO  (qtp1013423070-20) [   x:tweets] o.a.s.c.S.Request [tweets]  webapp=/solr path=/admin/system params={wt=json&_=1459544847298} status=0 QTime=47
78778 INFO  (qtp1013423070-15) [   x:tweets] o.a.s.c.S.Request [tweets]  webapp=/solr path=/select params={q=trump&indent=true&rows=100&wt=json&_=1459544862823} hits=94 status=0 QTime=87
