2016-04-05 15:45:16.706 INFO  (main) [   ] o.e.j.u.log Logging initialized @380ms
2016-04-05 15:45:16.910 INFO  (main) [   ] o.e.j.s.Server jetty-9.2.13.v20150730
2016-04-05 15:45:16.928 WARN  (main) [   ] o.e.j.s.h.RequestLogHandler !RequestLog
2016-04-05 15:45:16.929 INFO  (main) [   ] o.e.j.d.p.ScanningAppProvider Deployment monitor [file:/Users/shantanugupta/Downloads/solr-5.5.0/server/contexts/] at interval 0
2016-04-05 15:45:17.326 INFO  (main) [   ] o.e.j.w.StandardDescriptorProcessor NO JSP Support for /solr, did not find org.apache.jasper.servlet.JspServlet
2016-04-05 15:45:17.339 WARN  (main) [   ] o.e.j.s.SecurityHandler ServletContext@o.e.j.w.WebAppContext@146ba0ac{/solr,file:/Users/shantanugupta/Downloads/solr-5.5.0/server/solr-webapp/webapp/,STARTING}{/Users/shantanugupta/Downloads/solr-5.5.0/server/solr-webapp/webapp} has uncovered http methods for path: /
2016-04-05 15:45:17.350 INFO  (main) [   ] o.a.s.s.SolrDispatchFilter SolrDispatchFilter.init(): WebAppClassLoader=239465106@e45f292
2016-04-05 15:45:17.377 INFO  (main) [   ] o.a.s.c.SolrResourceLoader JNDI not configured for solr (NoInitialContextEx)
2016-04-05 15:45:17.377 INFO  (main) [   ] o.a.s.c.SolrResourceLoader using system property solr.solr.home: /Users/shantanugupta/Downloads/solr-5.5.0/server/solr
2016-04-05 15:45:17.378 INFO  (main) [   ] o.a.s.c.SolrResourceLoader new SolrResourceLoader for directory: '/Users/shantanugupta/Downloads/solr-5.5.0/server/solr'
2016-04-05 15:45:17.378 INFO  (main) [   ] o.a.s.c.SolrResourceLoader JNDI not configured for solr (NoInitialContextEx)
2016-04-05 15:45:17.378 INFO  (main) [   ] o.a.s.c.SolrResourceLoader using system property solr.solr.home: /Users/shantanugupta/Downloads/solr-5.5.0/server/solr
2016-04-05 15:45:17.384 INFO  (main) [   ] o.a.s.c.SolrXmlConfig Loading container configuration from /Users/shantanugupta/Downloads/solr-5.5.0/server/solr/solr.xml
2016-04-05 15:45:17.514 INFO  (main) [   ] o.a.s.c.CorePropertiesLocator Config-defined core root directory: /Users/shantanugupta/Downloads/solr-5.5.0/server/solr
2016-04-05 15:45:17.555 INFO  (main) [   ] o.a.s.c.CoreContainer New CoreContainer 477289012
2016-04-05 15:45:17.555 INFO  (main) [   ] o.a.s.c.CoreContainer Loading cores into CoreContainer [instanceDir=/Users/shantanugupta/Downloads/solr-5.5.0/server/solr]
2016-04-05 15:45:17.555 WARN  (main) [   ] o.a.s.c.CoreContainer Couldn't add files from /Users/shantanugupta/Downloads/solr-5.5.0/server/solr/lib to classpath: /Users/shantanugupta/Downloads/solr-5.5.0/server/solr/lib
2016-04-05 15:45:17.571 INFO  (main) [   ] o.a.s.h.c.HttpShardHandlerFactory created with socketTimeout : 600000,connTimeout : 60000,maxConnectionsPerHost : 20,maxConnections : 10000,corePoolSize : 0,maximumPoolSize : 2147483647,maxThreadIdleTime : 5,sizeOfQueue : -1,fairnessPolicy : false,useRetries : false,
2016-04-05 15:45:17.792 INFO  (main) [   ] o.a.s.u.UpdateShardHandler Creating UpdateShardHandler HTTP client with params: socketTimeout=600000&connTimeout=60000&retry=true
2016-04-05 15:45:17.795 INFO  (main) [   ] o.a.s.l.LogWatcher SLF4J impl is org.slf4j.impl.Log4jLoggerFactory
2016-04-05 15:45:17.796 INFO  (main) [   ] o.a.s.l.LogWatcher Registering Log Listener [Log4j (org.slf4j.impl.Log4jLoggerFactory)]
2016-04-05 15:45:17.798 INFO  (main) [   ] o.a.s.c.CoreContainer Security conf doesn't exist. Skipping setup for authorization module.
2016-04-05 15:45:17.798 INFO  (main) [   ] o.a.s.c.CoreContainer No authentication plugin used.
2016-04-05 15:45:18.163 INFO  (main) [   ] o.a.s.c.CorePropertiesLocator Looking for core definitions underneath /Users/shantanugupta/Downloads/solr-5.5.0/server/solr
2016-04-05 15:45:18.184 INFO  (main) [   ] o.a.s.c.CoreDescriptor Created CoreDescriptor: {name=images, config=solrconfig.xml, loadOnStartup=true, schema=schema.xml, configSetProperties=configsetprops.json, transient=false, dataDir=data/}
2016-04-05 15:45:18.184 INFO  (main) [   ] o.a.s.c.CorePropertiesLocator Found core images in /Users/shantanugupta/Downloads/solr-5.5.0/server/solr/images
2016-04-05 15:45:18.190 INFO  (main) [   ] o.a.s.c.CoreDescriptor Created CoreDescriptor: {name=tweets, config=solrconfig.xml, loadOnStartup=true, schema=schema.xml, configSetProperties=configsetprops.json, transient=false, dataDir=data/}
2016-04-05 15:45:18.191 INFO  (main) [   ] o.a.s.c.CorePropertiesLocator Found core tweets in /Users/shantanugupta/Downloads/solr-5.5.0/server/solr/tweets
2016-04-05 15:45:18.191 INFO  (main) [   ] o.a.s.c.CorePropertiesLocator Found 2 core definitions
2016-04-05 15:45:18.194 INFO  (main) [   ] o.a.s.s.SolrDispatchFilter user.dir=/Users/shantanugupta/Downloads/solr-5.5.0/server
2016-04-05 15:45:18.194 INFO  (main) [   ] o.a.s.s.SolrDispatchFilter SolrDispatchFilter.init() done
2016-04-05 15:45:18.194 INFO  (coreLoadExecutor-6-thread-1) [   ] o.a.s.c.SolrResourceLoader new SolrResourceLoader for directory: '/Users/shantanugupta/Downloads/solr-5.5.0/server/solr/images'
2016-04-05 15:45:18.194 INFO  (coreLoadExecutor-6-thread-2) [   ] o.a.s.c.SolrResourceLoader new SolrResourceLoader for directory: '/Users/shantanugupta/Downloads/solr-5.5.0/server/solr/tweets'
2016-04-05 15:45:18.194 INFO  (coreLoadExecutor-6-thread-1) [   ] o.a.s.c.SolrResourceLoader JNDI not configured for solr (NoInitialContextEx)
2016-04-05 15:45:18.194 INFO  (coreLoadExecutor-6-thread-2) [   ] o.a.s.c.SolrResourceLoader JNDI not configured for solr (NoInitialContextEx)
2016-04-05 15:45:18.194 INFO  (coreLoadExecutor-6-thread-2) [   ] o.a.s.c.SolrResourceLoader using system property solr.solr.home: /Users/shantanugupta/Downloads/solr-5.5.0/server/solr
2016-04-05 15:45:18.194 INFO  (coreLoadExecutor-6-thread-1) [   ] o.a.s.c.SolrResourceLoader using system property solr.solr.home: /Users/shantanugupta/Downloads/solr-5.5.0/server/solr
2016-04-05 15:45:18.205 INFO  (main) [   ] o.e.j.s.h.ContextHandler Started o.e.j.w.WebAppContext@146ba0ac{/solr,file:/Users/shantanugupta/Downloads/solr-5.5.0/server/solr-webapp/webapp/,AVAILABLE}{/Users/shantanugupta/Downloads/solr-5.5.0/server/solr-webapp/webapp}
2016-04-05 15:45:18.224 INFO  (main) [   ] o.e.j.s.ServerConnector Started ServerConnector@18078bef{HTTP/1.1}{0.0.0.0:8983}
2016-04-05 15:45:18.224 INFO  (main) [   ] o.e.j.s.Server Started @1900ms
2016-04-05 15:45:18.243 INFO  (coreLoadExecutor-6-thread-2) [   ] o.a.s.c.SolrConfig current version of requestparams : 0
2016-04-05 15:45:18.243 INFO  (coreLoadExecutor-6-thread-1) [   ] o.a.s.c.SolrConfig current version of requestparams : 0
2016-04-05 15:45:18.246 INFO  (coreLoadExecutor-6-thread-2) [   ] o.a.s.c.SolrConfig Adding specified lib dirs to ClassLoader
2016-04-05 15:45:18.246 INFO  (coreLoadExecutor-6-thread-1) [   ] o.a.s.c.SolrConfig Adding specified lib dirs to ClassLoader
2016-04-05 15:45:18.256 INFO  (coreLoadExecutor-6-thread-2) [   ] o.a.s.c.SolrResourceLoader Adding 'file:/Users/shantanugupta/Downloads/solr-5.5.0/contrib/extraction/lib/apache-mime4j-core-0.7.2.jar' to classloader
2016-04-05 15:45:18.257 INFO  (coreLoadExecutor-6-thread-2) [   ] o.a.s.c.SolrResourceLoader Adding 'file:/Users/shantanugupta/Downloads/solr-5.5.0/contrib/extraction/lib/apache-mime4j-dom-0.7.2.jar' to classloader
2016-04-05 15:45:18.257 INFO  (coreLoadExecutor-6-thread-2) [   ] o.a.s.c.SolrResourceLoader Adding 'file:/Users/shantanugupta/Downloads/solr-5.5.0/contrib/extraction/lib/aspectjrt-1.8.0.jar' to classloader
2016-04-05 15:45:18.257 INFO  (coreLoadExecutor-6-thread-2) [   ] o.a.s.c.SolrResourceLoader Adding 'file:/Users/shantanugupta/Downloads/solr-5.5.0/contrib/extraction/lib/bcmail-jdk15-1.45.jar' to classloader
2016-04-05 15:45:18.257 INFO  (coreLoadExecutor-6-thread-2) [   ] o.a.s.c.SolrResourceLoader Adding 'file:/Users/shantanugupta/Downloads/solr-5.5.0/contrib/extraction/lib/bcprov-jdk15-1.45.jar' to classloader
2016-04-05 15:45:18.257 INFO  (coreLoadExecutor-6-thread-2) [   ] o.a.s.c.SolrResourceLoader Adding 'file:/Users/shantanugupta/Downloads/solr-5.5.0/contrib/extraction/lib/boilerpipe-1.1.0.jar' to classloader
2016-04-05 15:45:18.257 INFO  (coreLoadExecutor-6-thread-2) [   ] o.a.s.c.SolrResourceLoader Adding 'file:/Users/shantanugupta/Downloads/solr-5.5.0/contrib/extraction/lib/commons-compress-1.8.1.jar' to classloader
2016-04-05 15:45:18.257 INFO  (coreLoadExecutor-6-thread-1) [   ] o.a.s.c.SolrResourceLoader Adding 'file:/Users/shantanugupta/Downloads/solr-5.5.0/contrib/extraction/lib/apache-mime4j-core-0.7.2.jar' to classloader
2016-04-05 15:45:18.257 INFO  (coreLoadExecutor-6-thread-2) [   ] o.a.s.c.SolrResourceLoader Adding 'file:/Users/shantanugupta/Downloads/solr-5.5.0/contrib/extraction/lib/fontbox-1.8.8.jar' to classloader
2016-04-05 15:45:18.257 INFO  (coreLoadExecutor-6-thread-1) [   ] o.a.s.c.SolrResourceLoader Adding 'file:/Users/shantanugupta/Downloads/solr-5.5.0/contrib/extraction/lib/apache-mime4j-dom-0.7.2.jar' to classloader
2016-04-05 15:45:18.257 INFO  (coreLoadExecutor-6-thread-2) [   ] o.a.s.c.SolrResourceLoader Adding 'file:/Users/shantanugupta/Downloads/solr-5.5.0/contrib/extraction/lib/icu4j-54.1.jar' to classloader
2016-04-05 15:45:18.257 INFO  (coreLoadExecutor-6-thread-1) [   ] o.a.s.c.SolrResourceLoader Adding 'file:/Users/shantanugupta/Downloads/solr-5.5.0/contrib/extraction/lib/aspectjrt-1.8.0.jar' to classloader
2016-04-05 15:45:18.257 INFO  (coreLoadExecutor-6-thread-2) [   ] o.a.s.c.SolrResourceLoader Adding 'file:/Users/shantanugupta/Downloads/solr-5.5.0/contrib/extraction/lib/isoparser-1.0.2.jar' to classloader
2016-04-05 15:45:18.257 INFO  (coreLoadExecutor-6-thread-1) [   ] o.a.s.c.SolrResourceLoader Adding 'file:/Users/shantanugupta/Downloads/solr-5.5.0/contrib/extraction/lib/bcmail-jdk15-1.45.jar' to classloader
2016-04-05 15:45:18.258 INFO  (coreLoadExecutor-6-thread-2) [   ] o.a.s.c.SolrResourceLoader Adding 'file:/Users/shantanugupta/Downloads/solr-5.5.0/contrib/extraction/lib/java-libpst-0.8.1.jar' to classloader
2016-04-05 15:45:18.258 INFO  (coreLoadExecutor-6-thread-1) [   ] o.a.s.c.SolrResourceLoader Adding 'file:/Users/shantanugupta/Downloads/solr-5.5.0/contrib/extraction/lib/bcprov-jdk15-1.45.jar' to classloader
2016-04-05 15:45:18.258 INFO  (coreLoadExecutor-6-thread-2) [   ] o.a.s.c.SolrResourceLoader Adding 'file:/Users/shantanugupta/Downloads/solr-5.5.0/contrib/extraction/lib/jdom-1.0.jar' to classloader
2016-04-05 15:45:18.258 INFO  (coreLoadExecutor-6-thread-1) [   ] o.a.s.c.SolrResourceLoader Adding 'file:/Users/shantanugupta/Downloads/solr-5.5.0/contrib/extraction/lib/boilerpipe-1.1.0.jar' to classloader
2016-04-05 15:45:18.258 INFO  (coreLoadExecutor-6-thread-2) [   ] o.a.s.c.SolrResourceLoader Adding 'file:/Users/shantanugupta/Downloads/solr-5.5.0/contrib/extraction/lib/jempbox-1.8.8.jar' to classloader
2016-04-05 15:45:18.258 INFO  (coreLoadExecutor-6-thread-1) [   ] o.a.s.c.SolrResourceLoader Adding 'file:/Users/shantanugupta/Downloads/solr-5.5.0/contrib/extraction/lib/commons-compress-1.8.1.jar' to classloader
2016-04-05 15:45:18.258 INFO  (coreLoadExecutor-6-thread-2) [   ] o.a.s.c.SolrResourceLoader Adding 'file:/Users/shantanugupta/Downloads/solr-5.5.0/contrib/extraction/lib/jmatio-1.0.jar' to classloader
2016-04-05 15:45:18.258 INFO  (coreLoadExecutor-6-thread-1) [   ] o.a.s.c.SolrResourceLoader Adding 'file:/Users/shantanugupta/Downloads/solr-5.5.0/contrib/extraction/lib/fontbox-1.8.8.jar' to classloader
2016-04-05 15:45:18.258 INFO  (coreLoadExecutor-6-thread-2) [   ] o.a.s.c.SolrResourceLoader Adding 'file:/Users/shantanugupta/Downloads/solr-5.5.0/contrib/extraction/lib/juniversalchardet-1.0.3.jar' to classloader
2016-04-05 15:45:18.258 INFO  (coreLoadExecutor-6-thread-1) [   ] o.a.s.c.SolrResourceLoader Adding 'file:/Users/shantanugupta/Downloads/solr-5.5.0/contrib/extraction/lib/icu4j-54.1.jar' to classloader
2016-04-05 15:45:18.258 INFO  (coreLoadExecutor-6-thread-2) [   ] o.a.s.c.SolrResourceLoader Adding 'file:/Users/shantanugupta/Downloads/solr-5.5.0/contrib/extraction/lib/metadata-extractor-2.6.2.jar' to classloader
2016-04-05 15:45:18.258 INFO  (coreLoadExecutor-6-thread-1) [   ] o.a.s.c.SolrResourceLoader Adding 'file:/Users/shantanugupta/Downloads/solr-5.5.0/contrib/extraction/lib/isoparser-1.0.2.jar' to classloader
2016-04-05 15:45:18.258 INFO  (coreLoadExecutor-6-thread-2) [   ] o.a.s.c.SolrResourceLoader Adding 'file:/Users/shantanugupta/Downloads/solr-5.5.0/contrib/extraction/lib/pdfbox-1.8.8.jar' to classloader
2016-04-05 15:45:18.258 INFO  (coreLoadExecutor-6-thread-1) [   ] o.a.s.c.SolrResourceLoader Adding 'file:/Users/shantanugupta/Downloads/solr-5.5.0/contrib/extraction/lib/java-libpst-0.8.1.jar' to classloader
2016-04-05 15:45:18.258 INFO  (coreLoadExecutor-6-thread-2) [   ] o.a.s.c.SolrResourceLoader Adding 'file:/Users/shantanugupta/Downloads/solr-5.5.0/contrib/extraction/lib/poi-3.11.jar' to classloader
2016-04-05 15:45:18.259 INFO  (coreLoadExecutor-6-thread-1) [   ] o.a.s.c.SolrResourceLoader Adding 'file:/Users/shantanugupta/Downloads/solr-5.5.0/contrib/extraction/lib/jdom-1.0.jar' to classloader
2016-04-05 15:45:18.259 INFO  (coreLoadExecutor-6-thread-2) [   ] o.a.s.c.SolrResourceLoader Adding 'file:/Users/shantanugupta/Downloads/solr-5.5.0/contrib/extraction/lib/poi-ooxml-3.11.jar' to classloader
2016-04-05 15:45:18.259 INFO  (coreLoadExecutor-6-thread-1) [   ] o.a.s.c.SolrResourceLoader Adding 'file:/Users/shantanugupta/Downloads/solr-5.5.0/contrib/extraction/lib/jempbox-1.8.8.jar' to classloader
2016-04-05 15:45:18.259 INFO  (coreLoadExecutor-6-thread-2) [   ] o.a.s.c.SolrResourceLoader Adding 'file:/Users/shantanugupta/Downloads/solr-5.5.0/contrib/extraction/lib/poi-ooxml-schemas-3.11.jar' to classloader
2016-04-05 15:45:18.259 INFO  (coreLoadExecutor-6-thread-2) [   ] o.a.s.c.SolrResourceLoader Adding 'file:/Users/shantanugupta/Downloads/solr-5.5.0/contrib/extraction/lib/poi-scratchpad-3.11.jar' to classloader
2016-04-05 15:45:18.259 INFO  (coreLoadExecutor-6-thread-1) [   ] o.a.s.c.SolrResourceLoader Adding 'file:/Users/shantanugupta/Downloads/solr-5.5.0/contrib/extraction/lib/jmatio-1.0.jar' to classloader
2016-04-05 15:45:18.259 INFO  (coreLoadExecutor-6-thread-1) [   ] o.a.s.c.SolrResourceLoader Adding 'file:/Users/shantanugupta/Downloads/solr-5.5.0/contrib/extraction/lib/juniversalchardet-1.0.3.jar' to classloader
2016-04-05 15:45:18.259 INFO  (coreLoadExecutor-6-thread-2) [   ] o.a.s.c.SolrResourceLoader Adding 'file:/Users/shantanugupta/Downloads/solr-5.5.0/contrib/extraction/lib/rome-1.0.jar' to classloader
2016-04-05 15:45:18.259 INFO  (coreLoadExecutor-6-thread-1) [   ] o.a.s.c.SolrResourceLoader Adding 'file:/Users/shantanugupta/Downloads/solr-5.5.0/contrib/extraction/lib/metadata-extractor-2.6.2.jar' to classloader
2016-04-05 15:45:18.259 INFO  (coreLoadExecutor-6-thread-1) [   ] o.a.s.c.SolrResourceLoader Adding 'file:/Users/shantanugupta/Downloads/solr-5.5.0/contrib/extraction/lib/pdfbox-1.8.8.jar' to classloader
2016-04-05 15:45:18.259 INFO  (coreLoadExecutor-6-thread-2) [   ] o.a.s.c.SolrResourceLoader Adding 'file:/Users/shantanugupta/Downloads/solr-5.5.0/contrib/extraction/lib/tagsoup-1.2.1.jar' to classloader
2016-04-05 15:45:18.260 INFO  (coreLoadExecutor-6-thread-2) [   ] o.a.s.c.SolrResourceLoader Adding 'file:/Users/shantanugupta/Downloads/solr-5.5.0/contrib/extraction/lib/tika-core-1.7.jar' to classloader
2016-04-05 15:45:18.260 INFO  (coreLoadExecutor-6-thread-1) [   ] o.a.s.c.SolrResourceLoader Adding 'file:/Users/shantanugupta/Downloads/solr-5.5.0/contrib/extraction/lib/poi-3.11.jar' to classloader
2016-04-05 15:45:18.260 INFO  (coreLoadExecutor-6-thread-2) [   ] o.a.s.c.SolrResourceLoader Adding 'file:/Users/shantanugupta/Downloads/solr-5.5.0/contrib/extraction/lib/tika-java7-1.7.jar' to classloader
2016-04-05 15:45:18.260 INFO  (coreLoadExecutor-6-thread-1) [   ] o.a.s.c.SolrResourceLoader Adding 'file:/Users/shantanugupta/Downloads/solr-5.5.0/contrib/extraction/lib/poi-ooxml-3.11.jar' to classloader
2016-04-05 15:45:18.260 INFO  (coreLoadExecutor-6-thread-2) [   ] o.a.s.c.SolrResourceLoader Adding 'file:/Users/shantanugupta/Downloads/solr-5.5.0/contrib/extraction/lib/tika-parsers-1.7.jar' to classloader
2016-04-05 15:45:18.260 INFO  (coreLoadExecutor-6-thread-1) [   ] o.a.s.c.SolrResourceLoader Adding 'file:/Users/shantanugupta/Downloads/solr-5.5.0/contrib/extraction/lib/poi-ooxml-schemas-3.11.jar' to classloader
2016-04-05 15:45:18.260 INFO  (coreLoadExecutor-6-thread-2) [   ] o.a.s.c.SolrResourceLoader Adding 'file:/Users/shantanugupta/Downloads/solr-5.5.0/contrib/extraction/lib/tika-xmp-1.7.jar' to classloader
2016-04-05 15:45:18.260 INFO  (coreLoadExecutor-6-thread-1) [   ] o.a.s.c.SolrResourceLoader Adding 'file:/Users/shantanugupta/Downloads/solr-5.5.0/contrib/extraction/lib/poi-scratchpad-3.11.jar' to classloader
2016-04-05 15:45:18.260 INFO  (coreLoadExecutor-6-thread-2) [   ] o.a.s.c.SolrResourceLoader Adding 'file:/Users/shantanugupta/Downloads/solr-5.5.0/contrib/extraction/lib/vorbis-java-core-0.6.jar' to classloader
2016-04-05 15:45:18.260 INFO  (coreLoadExecutor-6-thread-1) [   ] o.a.s.c.SolrResourceLoader Adding 'file:/Users/shantanugupta/Downloads/solr-5.5.0/contrib/extraction/lib/rome-1.0.jar' to classloader
2016-04-05 15:45:18.260 INFO  (coreLoadExecutor-6-thread-1) [   ] o.a.s.c.SolrResourceLoader Adding 'file:/Users/shantanugupta/Downloads/solr-5.5.0/contrib/extraction/lib/tagsoup-1.2.1.jar' to classloader
2016-04-05 15:45:18.260 INFO  (coreLoadExecutor-6-thread-1) [   ] o.a.s.c.SolrResourceLoader Adding 'file:/Users/shantanugupta/Downloads/solr-5.5.0/contrib/extraction/lib/tika-core-1.7.jar' to classloader
2016-04-05 15:45:18.260 INFO  (coreLoadExecutor-6-thread-2) [   ] o.a.s.c.SolrResourceLoader Adding 'file:/Users/shantanugupta/Downloads/solr-5.5.0/contrib/extraction/lib/vorbis-java-tika-0.6.jar' to classloader
2016-04-05 15:45:18.261 INFO  (coreLoadExecutor-6-thread-2) [   ] o.a.s.c.SolrResourceLoader Adding 'file:/Users/shantanugupta/Downloads/solr-5.5.0/contrib/extraction/lib/xercesImpl-2.9.1.jar' to classloader
2016-04-05 15:45:18.261 INFO  (coreLoadExecutor-6-thread-1) [   ] o.a.s.c.SolrResourceLoader Adding 'file:/Users/shantanugupta/Downloads/solr-5.5.0/contrib/extraction/lib/tika-java7-1.7.jar' to classloader
2016-04-05 15:45:18.261 INFO  (coreLoadExecutor-6-thread-2) [   ] o.a.s.c.SolrResourceLoader Adding 'file:/Users/shantanugupta/Downloads/solr-5.5.0/contrib/extraction/lib/xmlbeans-2.6.0.jar' to classloader
2016-04-05 15:45:18.261 INFO  (coreLoadExecutor-6-thread-1) [   ] o.a.s.c.SolrResourceLoader Adding 'file:/Users/shantanugupta/Downloads/solr-5.5.0/contrib/extraction/lib/tika-parsers-1.7.jar' to classloader
2016-04-05 15:45:18.261 INFO  (coreLoadExecutor-6-thread-2) [   ] o.a.s.c.SolrResourceLoader Adding 'file:/Users/shantanugupta/Downloads/solr-5.5.0/contrib/extraction/lib/xmpcore-5.1.2.jar' to classloader
2016-04-05 15:45:18.261 INFO  (coreLoadExecutor-6-thread-1) [   ] o.a.s.c.SolrResourceLoader Adding 'file:/Users/shantanugupta/Downloads/solr-5.5.0/contrib/extraction/lib/tika-xmp-1.7.jar' to classloader
2016-04-05 15:45:18.261 INFO  (coreLoadExecutor-6-thread-2) [   ] o.a.s.c.SolrResourceLoader Adding 'file:/Users/shantanugupta/Downloads/solr-5.5.0/contrib/extraction/lib/xz-1.5.jar' to classloader
2016-04-05 15:45:18.261 INFO  (coreLoadExecutor-6-thread-1) [   ] o.a.s.c.SolrResourceLoader Adding 'file:/Users/shantanugupta/Downloads/solr-5.5.0/contrib/extraction/lib/vorbis-java-core-0.6.jar' to classloader
2016-04-05 15:45:18.261 INFO  (coreLoadExecutor-6-thread-2) [   ] o.a.s.c.SolrResourceLoader Adding 'file:/Users/shantanugupta/Downloads/solr-5.5.0/dist/solr-cell-5.5.0.jar' to classloader
2016-04-05 15:45:18.261 INFO  (coreLoadExecutor-6-thread-1) [   ] o.a.s.c.SolrResourceLoader Adding 'file:/Users/shantanugupta/Downloads/solr-5.5.0/contrib/extraction/lib/vorbis-java-tika-0.6.jar' to classloader
2016-04-05 15:45:18.261 INFO  (coreLoadExecutor-6-thread-2) [   ] o.a.s.c.SolrResourceLoader Adding 'file:/Users/shantanugupta/Downloads/solr-5.5.0/contrib/clustering/lib/attributes-binder-1.2.3.jar' to classloader
2016-04-05 15:45:18.261 INFO  (coreLoadExecutor-6-thread-1) [   ] o.a.s.c.SolrResourceLoader Adding 'file:/Users/shantanugupta/Downloads/solr-5.5.0/contrib/extraction/lib/xercesImpl-2.9.1.jar' to classloader
2016-04-05 15:45:18.261 INFO  (coreLoadExecutor-6-thread-1) [   ] o.a.s.c.SolrResourceLoader Adding 'file:/Users/shantanugupta/Downloads/solr-5.5.0/contrib/extraction/lib/xmlbeans-2.6.0.jar' to classloader
2016-04-05 15:45:18.261 INFO  (coreLoadExecutor-6-thread-2) [   ] o.a.s.c.SolrResourceLoader Adding 'file:/Users/shantanugupta/Downloads/solr-5.5.0/contrib/clustering/lib/carrot2-guava-18.0.jar' to classloader
2016-04-05 15:45:18.262 INFO  (coreLoadExecutor-6-thread-1) [   ] o.a.s.c.SolrResourceLoader Adding 'file:/Users/shantanugupta/Downloads/solr-5.5.0/contrib/extraction/lib/xmpcore-5.1.2.jar' to classloader
2016-04-05 15:45:18.262 INFO  (coreLoadExecutor-6-thread-2) [   ] o.a.s.c.SolrResourceLoader Adding 'file:/Users/shantanugupta/Downloads/solr-5.5.0/contrib/clustering/lib/carrot2-mini-3.10.4.jar' to classloader
2016-04-05 15:45:18.262 INFO  (coreLoadExecutor-6-thread-1) [   ] o.a.s.c.SolrResourceLoader Adding 'file:/Users/shantanugupta/Downloads/solr-5.5.0/contrib/extraction/lib/xz-1.5.jar' to classloader
2016-04-05 15:45:18.262 INFO  (coreLoadExecutor-6-thread-2) [   ] o.a.s.c.SolrResourceLoader Adding 'file:/Users/shantanugupta/Downloads/solr-5.5.0/contrib/clustering/lib/jackson-annotations-2.5.4.jar' to classloader
2016-04-05 15:45:18.262 INFO  (coreLoadExecutor-6-thread-1) [   ] o.a.s.c.SolrResourceLoader Adding 'file:/Users/shantanugupta/Downloads/solr-5.5.0/dist/solr-cell-5.5.0.jar' to classloader
2016-04-05 15:45:18.262 INFO  (coreLoadExecutor-6-thread-2) [   ] o.a.s.c.SolrResourceLoader Adding 'file:/Users/shantanugupta/Downloads/solr-5.5.0/contrib/clustering/lib/jackson-databind-2.5.4.jar' to classloader
2016-04-05 15:45:18.262 INFO  (coreLoadExecutor-6-thread-1) [   ] o.a.s.c.SolrResourceLoader Adding 'file:/Users/shantanugupta/Downloads/solr-5.5.0/contrib/clustering/lib/attributes-binder-1.2.3.jar' to classloader
2016-04-05 15:45:18.262 INFO  (coreLoadExecutor-6-thread-2) [   ] o.a.s.c.SolrResourceLoader Adding 'file:/Users/shantanugupta/Downloads/solr-5.5.0/contrib/clustering/lib/mahout-collections-1.0.jar' to classloader
2016-04-05 15:45:18.262 INFO  (coreLoadExecutor-6-thread-1) [   ] o.a.s.c.SolrResourceLoader Adding 'file:/Users/shantanugupta/Downloads/solr-5.5.0/contrib/clustering/lib/carrot2-guava-18.0.jar' to classloader
2016-04-05 15:45:18.262 INFO  (coreLoadExecutor-6-thread-2) [   ] o.a.s.c.SolrResourceLoader Adding 'file:/Users/shantanugupta/Downloads/solr-5.5.0/contrib/clustering/lib/mahout-math-0.6.jar' to classloader
2016-04-05 15:45:18.262 INFO  (coreLoadExecutor-6-thread-1) [   ] o.a.s.c.SolrResourceLoader Adding 'file:/Users/shantanugupta/Downloads/solr-5.5.0/contrib/clustering/lib/carrot2-mini-3.10.4.jar' to classloader
2016-04-05 15:45:18.262 INFO  (coreLoadExecutor-6-thread-2) [   ] o.a.s.c.SolrResourceLoader Adding 'file:/Users/shantanugupta/Downloads/solr-5.5.0/contrib/clustering/lib/simple-xml-2.7.1.jar' to classloader
2016-04-05 15:45:18.262 INFO  (coreLoadExecutor-6-thread-1) [   ] o.a.s.c.SolrResourceLoader Adding 'file:/Users/shantanugupta/Downloads/solr-5.5.0/contrib/clustering/lib/jackson-annotations-2.5.4.jar' to classloader
2016-04-05 15:45:18.262 INFO  (coreLoadExecutor-6-thread-2) [   ] o.a.s.c.SolrResourceLoader Adding 'file:/Users/shantanugupta/Downloads/solr-5.5.0/dist/solr-clustering-5.5.0.jar' to classloader
2016-04-05 15:45:18.262 INFO  (coreLoadExecutor-6-thread-1) [   ] o.a.s.c.SolrResourceLoader Adding 'file:/Users/shantanugupta/Downloads/solr-5.5.0/contrib/clustering/lib/jackson-databind-2.5.4.jar' to classloader
2016-04-05 15:45:18.262 INFO  (coreLoadExecutor-6-thread-2) [   ] o.a.s.c.SolrResourceLoader Adding 'file:/Users/shantanugupta/Downloads/solr-5.5.0/contrib/langid/lib/jsonic-1.2.7.jar' to classloader
2016-04-05 15:45:18.263 INFO  (coreLoadExecutor-6-thread-1) [   ] o.a.s.c.SolrResourceLoader Adding 'file:/Users/shantanugupta/Downloads/solr-5.5.0/contrib/clustering/lib/mahout-collections-1.0.jar' to classloader
2016-04-05 15:45:18.263 INFO  (coreLoadExecutor-6-thread-1) [   ] o.a.s.c.SolrResourceLoader Adding 'file:/Users/shantanugupta/Downloads/solr-5.5.0/contrib/clustering/lib/mahout-math-0.6.jar' to classloader
2016-04-05 15:45:18.263 INFO  (coreLoadExecutor-6-thread-2) [   ] o.a.s.c.SolrResourceLoader Adding 'file:/Users/shantanugupta/Downloads/solr-5.5.0/contrib/langid/lib/langdetect-1.1-20120112.jar' to classloader
2016-04-05 15:45:18.263 INFO  (coreLoadExecutor-6-thread-1) [   ] o.a.s.c.SolrResourceLoader Adding 'file:/Users/shantanugupta/Downloads/solr-5.5.0/contrib/clustering/lib/simple-xml-2.7.1.jar' to classloader
2016-04-05 15:45:18.263 INFO  (coreLoadExecutor-6-thread-1) [   ] o.a.s.c.SolrResourceLoader Adding 'file:/Users/shantanugupta/Downloads/solr-5.5.0/dist/solr-clustering-5.5.0.jar' to classloader
2016-04-05 15:45:18.263 INFO  (coreLoadExecutor-6-thread-1) [   ] o.a.s.c.SolrResourceLoader Adding 'file:/Users/shantanugupta/Downloads/solr-5.5.0/contrib/langid/lib/jsonic-1.2.7.jar' to classloader
2016-04-05 15:45:18.263 INFO  (coreLoadExecutor-6-thread-1) [   ] o.a.s.c.SolrResourceLoader Adding 'file:/Users/shantanugupta/Downloads/solr-5.5.0/contrib/langid/lib/langdetect-1.1-20120112.jar' to classloader
2016-04-05 15:45:18.263 INFO  (coreLoadExecutor-6-thread-1) [   ] o.a.s.c.SolrResourceLoader Adding 'file:/Users/shantanugupta/Downloads/solr-5.5.0/dist/solr-langid-5.5.0.jar' to classloader
2016-04-05 15:45:18.263 INFO  (coreLoadExecutor-6-thread-2) [   ] o.a.s.c.SolrResourceLoader Adding 'file:/Users/shantanugupta/Downloads/solr-5.5.0/dist/solr-langid-5.5.0.jar' to classloader
2016-04-05 15:45:18.263 INFO  (coreLoadExecutor-6-thread-2) [   ] o.a.s.c.SolrResourceLoader Adding 'file:/Users/shantanugupta/Downloads/solr-5.5.0/contrib/velocity/lib/commons-beanutils-1.8.3.jar' to classloader
2016-04-05 15:45:18.263 INFO  (coreLoadExecutor-6-thread-2) [   ] o.a.s.c.SolrResourceLoader Adding 'file:/Users/shantanugupta/Downloads/solr-5.5.0/contrib/velocity/lib/commons-collections-3.2.2.jar' to classloader
2016-04-05 15:45:18.263 INFO  (coreLoadExecutor-6-thread-2) [   ] o.a.s.c.SolrResourceLoader Adding 'file:/Users/shantanugupta/Downloads/solr-5.5.0/contrib/velocity/lib/velocity-1.7.jar' to classloader
2016-04-05 15:45:18.263 INFO  (coreLoadExecutor-6-thread-2) [   ] o.a.s.c.SolrResourceLoader Adding 'file:/Users/shantanugupta/Downloads/solr-5.5.0/contrib/velocity/lib/velocity-tools-2.0.jar' to classloader
2016-04-05 15:45:18.263 INFO  (coreLoadExecutor-6-thread-2) [   ] o.a.s.c.SolrResourceLoader Adding 'file:/Users/shantanugupta/Downloads/solr-5.5.0/dist/solr-velocity-5.5.0.jar' to classloader
2016-04-05 15:45:18.263 INFO  (coreLoadExecutor-6-thread-1) [   ] o.a.s.c.SolrResourceLoader Adding 'file:/Users/shantanugupta/Downloads/solr-5.5.0/contrib/velocity/lib/commons-beanutils-1.8.3.jar' to classloader
2016-04-05 15:45:18.263 INFO  (coreLoadExecutor-6-thread-1) [   ] o.a.s.c.SolrResourceLoader Adding 'file:/Users/shantanugupta/Downloads/solr-5.5.0/contrib/velocity/lib/commons-collections-3.2.2.jar' to classloader
2016-04-05 15:45:18.263 INFO  (coreLoadExecutor-6-thread-1) [   ] o.a.s.c.SolrResourceLoader Adding 'file:/Users/shantanugupta/Downloads/solr-5.5.0/contrib/velocity/lib/velocity-1.7.jar' to classloader
2016-04-05 15:45:18.264 INFO  (coreLoadExecutor-6-thread-1) [   ] o.a.s.c.SolrResourceLoader Adding 'file:/Users/shantanugupta/Downloads/solr-5.5.0/contrib/velocity/lib/velocity-tools-2.0.jar' to classloader
2016-04-05 15:45:18.264 INFO  (coreLoadExecutor-6-thread-1) [   ] o.a.s.c.SolrResourceLoader Adding 'file:/Users/shantanugupta/Downloads/solr-5.5.0/dist/solr-velocity-5.5.0.jar' to classloader
2016-04-05 15:45:18.264 INFO  (coreLoadExecutor-6-thread-1) [   ] o.a.s.c.SolrResourceLoader Adding 'file:/Users/shantanugupta/liresolr/dist/lire-request-handler.jar' to classloader
2016-04-05 15:45:18.580 WARN  (coreLoadExecutor-6-thread-1) [   ] o.a.s.c.Config Beginning with Solr 5.5, <maxMergeDocs> is deprecated, configure it on the relevant <mergePolicyFactory> instead.
2016-04-05 15:45:18.581 WARN  (coreLoadExecutor-6-thread-1) [   ] o.a.s.c.Config Beginning with Solr 5.5, <mergeFactor> is deprecated, configure it on the relevant <mergePolicyFactory> instead.
2016-04-05 15:45:18.581 WARN  (coreLoadExecutor-6-thread-2) [   ] o.a.s.c.Config Beginning with Solr 5.5, <maxMergeDocs> is deprecated, configure it on the relevant <mergePolicyFactory> instead.
2016-04-05 15:45:18.581 WARN  (coreLoadExecutor-6-thread-2) [   ] o.a.s.c.Config Beginning with Solr 5.5, <mergeFactor> is deprecated, configure it on the relevant <mergePolicyFactory> instead.
2016-04-05 15:45:18.591 INFO  (coreLoadExecutor-6-thread-2) [   ] o.a.s.c.SolrConfig Using Lucene MatchVersion: 5.5.0
2016-04-05 15:45:18.591 INFO  (coreLoadExecutor-6-thread-1) [   ] o.a.s.c.SolrConfig Using Lucene MatchVersion: 5.5.0
2016-04-05 15:45:18.691 INFO  (coreLoadExecutor-6-thread-2) [   ] o.a.s.c.SolrConfig Loaded SolrConfig: solrconfig.xml
2016-04-05 15:45:18.691 INFO  (coreLoadExecutor-6-thread-1) [   ] o.a.s.c.SolrConfig Loaded SolrConfig: solrconfig.xml
2016-04-05 15:45:18.741 INFO  (coreLoadExecutor-6-thread-2) [   ] o.a.s.s.IndexSchema [tweets] Schema name=example-data-driven-schema
2016-04-05 15:45:18.741 INFO  (coreLoadExecutor-6-thread-1) [   ] o.a.s.s.IndexSchema [images] Schema name=images-schema
2016-04-05 15:45:19.108 INFO  (coreLoadExecutor-6-thread-2) [   ] o.a.s.s.IndexSchema unique key field: id
2016-04-05 15:45:19.108 INFO  (coreLoadExecutor-6-thread-1) [   ] o.a.s.s.IndexSchema unique key field: id
2016-04-05 15:45:19.176 INFO  (coreLoadExecutor-6-thread-1) [   ] o.a.s.s.FileExchangeRateProvider Reloading exchange rates from file currency.xml
2016-04-05 15:45:19.176 INFO  (coreLoadExecutor-6-thread-2) [   ] o.a.s.s.FileExchangeRateProvider Reloading exchange rates from file currency.xml
2016-04-05 15:45:19.180 INFO  (coreLoadExecutor-6-thread-2) [   ] o.a.s.s.FileExchangeRateProvider Reloading exchange rates from file currency.xml
2016-04-05 15:45:19.180 INFO  (coreLoadExecutor-6-thread-1) [   ] o.a.s.s.FileExchangeRateProvider Reloading exchange rates from file currency.xml
2016-04-05 15:45:19.252 INFO  (coreLoadExecutor-6-thread-2) [   ] o.a.s.c.ConfigSetProperties Did not find ConfigSet properties, assuming default properties: Can't find resource 'configsetprops.json' in classpath or '/Users/shantanugupta/Downloads/solr-5.5.0/server/solr/tweets'
2016-04-05 15:45:19.252 INFO  (coreLoadExecutor-6-thread-1) [   ] o.a.s.c.ConfigSetProperties Did not find ConfigSet properties, assuming default properties: Can't find resource 'configsetprops.json' in classpath or '/Users/shantanugupta/Downloads/solr-5.5.0/server/solr/images'
2016-04-05 15:45:19.253 INFO  (coreLoadExecutor-6-thread-2) [   ] o.a.s.c.CoreContainer Creating SolrCore 'tweets' using configuration from instancedir /Users/shantanugupta/Downloads/solr-5.5.0/server/solr/tweets
2016-04-05 15:45:19.253 INFO  (coreLoadExecutor-6-thread-1) [   ] o.a.s.c.CoreContainer Creating SolrCore 'images' using configuration from instancedir /Users/shantanugupta/Downloads/solr-5.5.0/server/solr/images
2016-04-05 15:45:19.273 INFO  (coreLoadExecutor-6-thread-2) [   x:tweets] o.a.s.c.SolrCore solr.NRTCachingDirectoryFactory
2016-04-05 15:45:19.273 INFO  (coreLoadExecutor-6-thread-1) [   x:images] o.a.s.c.SolrCore solr.NRTCachingDirectoryFactory
2016-04-05 15:45:19.285 INFO  (coreLoadExecutor-6-thread-2) [   x:tweets] o.a.s.c.SolrCore [[tweets] ] Opening new SolrCore at [/Users/shantanugupta/Downloads/solr-5.5.0/server/solr/tweets], dataDir=[/Users/shantanugupta/Downloads/solr-5.5.0/server/solr/tweets/data/]
2016-04-05 15:45:19.285 INFO  (coreLoadExecutor-6-thread-1) [   x:images] o.a.s.c.SolrCore [[images] ] Opening new SolrCore at [/Users/shantanugupta/Downloads/solr-5.5.0/server/solr/images], dataDir=[/Users/shantanugupta/Downloads/solr-5.5.0/server/solr/images/data/]
2016-04-05 15:45:19.288 INFO  (coreLoadExecutor-6-thread-2) [   x:tweets] o.a.s.c.JmxMonitoredMap No JMX servers found, not exposing Solr information with JMX.
2016-04-05 15:45:19.288 INFO  (coreLoadExecutor-6-thread-1) [   x:images] o.a.s.c.JmxMonitoredMap No JMX servers found, not exposing Solr information with JMX.
2016-04-05 15:45:19.291 INFO  (coreLoadExecutor-6-thread-2) [   x:tweets] o.a.s.c.SolrCore [[tweets] ] Added SolrEventListener for newSearcher: [org.apache.solr.core.QuerySenderListener{queries=[]}]
2016-04-05 15:45:19.291 INFO  (coreLoadExecutor-6-thread-1) [   x:images] o.a.s.c.SolrCore [[images] ] Added SolrEventListener for newSearcher: [org.apache.solr.core.QuerySenderListener{queries=[]}]
2016-04-05 15:45:19.291 INFO  (coreLoadExecutor-6-thread-2) [   x:tweets] o.a.s.c.SolrCore [[tweets] ] Added SolrEventListener for firstSearcher: [org.apache.solr.core.QuerySenderListener{queries=[]}]
2016-04-05 15:45:19.292 INFO  (coreLoadExecutor-6-thread-1) [   x:images] o.a.s.c.SolrCore [[images] ] Added SolrEventListener for firstSearcher: [org.apache.solr.core.QuerySenderListener{queries=[]}]
2016-04-05 15:45:19.295 INFO  (coreLoadExecutor-6-thread-2) [   x:tweets] o.a.s.c.SchemaCodecFactory Using default compressionMode: BEST_SPEED
2016-04-05 15:45:19.295 INFO  (coreLoadExecutor-6-thread-1) [   x:images] o.a.s.c.SchemaCodecFactory Using default compressionMode: BEST_SPEED
2016-04-05 15:45:19.304 INFO  (coreLoadExecutor-6-thread-1) [   x:images] o.a.s.c.CachingDirectoryFactory return new directory for /Users/shantanugupta/Downloads/solr-5.5.0/server/solr/images/data
2016-04-05 15:45:19.304 INFO  (coreLoadExecutor-6-thread-2) [   x:tweets] o.a.s.c.CachingDirectoryFactory return new directory for /Users/shantanugupta/Downloads/solr-5.5.0/server/solr/tweets/data
2016-04-05 15:45:19.304 INFO  (coreLoadExecutor-6-thread-2) [   x:tweets] o.a.s.c.SolrCore New index directory detected: old=null new=/Users/shantanugupta/Downloads/solr-5.5.0/server/solr/tweets/data/index/
2016-04-05 15:45:19.304 INFO  (coreLoadExecutor-6-thread-1) [   x:images] o.a.s.c.SolrCore New index directory detected: old=null new=/Users/shantanugupta/Downloads/solr-5.5.0/server/solr/images/data/index/
2016-04-05 15:45:19.307 INFO  (coreLoadExecutor-6-thread-2) [   x:tweets] o.a.s.c.CachingDirectoryFactory return new directory for /Users/shantanugupta/Downloads/solr-5.5.0/server/solr/tweets/data/index
2016-04-05 15:45:19.307 INFO  (coreLoadExecutor-6-thread-1) [   x:images] o.a.s.c.CachingDirectoryFactory return new directory for /Users/shantanugupta/Downloads/solr-5.5.0/server/solr/images/data/index
2016-04-05 15:45:19.323 INFO  (OldIndexDirectoryCleanupThreadForCore-images) [   x:images] o.a.s.c.SolrCore Looking for old index directories to cleanup for core images in /Users/shantanugupta/Downloads/solr-5.5.0/server/solr/images/data/
2016-04-05 15:45:19.323 INFO  (OldIndexDirectoryCleanupThreadForCore-tweets) [   x:tweets] o.a.s.c.SolrCore Looking for old index directories to cleanup for core tweets in /Users/shantanugupta/Downloads/solr-5.5.0/server/solr/tweets/data/
2016-04-05 15:45:19.325 INFO  (coreLoadExecutor-6-thread-2) [   x:tweets] o.a.s.c.PluginBag queryResponseWriter : 'velocity' created with startup=lazy 
2016-04-05 15:45:19.326 INFO  (coreLoadExecutor-6-thread-1) [   x:images] o.a.s.c.PluginBag queryResponseWriter : 'velocity' created with startup=lazy 
2016-04-05 15:45:19.330 INFO  (coreLoadExecutor-6-thread-1) [   x:images] o.a.s.r.XSLTResponseWriter xsltCacheLifetimeSeconds=5
2016-04-05 15:45:19.330 INFO  (coreLoadExecutor-6-thread-2) [   x:tweets] o.a.s.r.XSLTResponseWriter xsltCacheLifetimeSeconds=5
2016-04-05 15:45:19.444 INFO  (coreLoadExecutor-6-thread-2) [   x:tweets] o.a.s.u.p.UpdateRequestProcessorChain creating updateRequestProcessorChain "add-unknown-fields-to-the-schema"
2016-04-05 15:45:19.444 INFO  (coreLoadExecutor-6-thread-1) [   x:images] o.a.s.u.p.UpdateRequestProcessorChain creating updateRequestProcessorChain "add-unknown-fields-to-the-schema"
2016-04-05 15:45:19.502 INFO  (coreLoadExecutor-6-thread-1) [   x:images] o.a.s.c.SolrCore no updateRequestProcessorChain defined as default, creating implicit default
2016-04-05 15:45:19.508 INFO  (coreLoadExecutor-6-thread-2) [   x:tweets] o.a.s.c.SolrCore no updateRequestProcessorChain defined as default, creating implicit default
2016-04-05 15:45:19.535 INFO  (coreLoadExecutor-6-thread-1) [   x:images] o.a.s.h.l.XMLLoader xsltCacheLifetimeSeconds=60
2016-04-05 15:45:19.535 INFO  (coreLoadExecutor-6-thread-2) [   x:tweets] o.a.s.h.l.XMLLoader xsltCacheLifetimeSeconds=60
2016-04-05 15:45:19.537 INFO  (coreLoadExecutor-6-thread-1) [   x:images] o.a.s.h.l.XMLLoader xsltCacheLifetimeSeconds=60
2016-04-05 15:45:19.537 INFO  (coreLoadExecutor-6-thread-2) [   x:tweets] o.a.s.h.l.XMLLoader xsltCacheLifetimeSeconds=60
2016-04-05 15:45:19.538 INFO  (coreLoadExecutor-6-thread-2) [   x:tweets] o.a.s.h.l.XMLLoader xsltCacheLifetimeSeconds=60
2016-04-05 15:45:19.538 INFO  (coreLoadExecutor-6-thread-1) [   x:images] o.a.s.h.l.XMLLoader xsltCacheLifetimeSeconds=60
2016-04-05 15:45:19.538 INFO  (coreLoadExecutor-6-thread-1) [   x:images] o.a.s.h.l.XMLLoader xsltCacheLifetimeSeconds=60
2016-04-05 15:45:19.538 INFO  (coreLoadExecutor-6-thread-2) [   x:tweets] o.a.s.h.l.XMLLoader xsltCacheLifetimeSeconds=60
2016-04-05 15:45:19.549 INFO  (coreLoadExecutor-6-thread-2) [   x:tweets] o.a.s.c.PluginBag requestHandler : '/update/extract' created with startup=lazy 
2016-04-05 15:45:19.550 INFO  (coreLoadExecutor-6-thread-2) [   x:tweets] o.a.s.c.PluginBag requestHandler : '/analysis/field' created with startup=lazy 
2016-04-05 15:45:19.550 INFO  (coreLoadExecutor-6-thread-2) [   x:tweets] o.a.s.c.PluginBag requestHandler : '/analysis/document' created with startup=lazy 
2016-04-05 15:45:19.552 INFO  (coreLoadExecutor-6-thread-2) [   x:tweets] o.a.s.c.PluginBag requestHandler : '/spell' created with startup=lazy 
2016-04-05 15:45:19.552 INFO  (coreLoadExecutor-6-thread-2) [   x:tweets] o.a.s.c.PluginBag requestHandler : '/tvrh' created with startup=lazy 
2016-04-05 15:45:19.552 INFO  (coreLoadExecutor-6-thread-2) [   x:tweets] o.a.s.c.PluginBag requestHandler : '/terms' created with startup=lazy 
2016-04-05 15:45:19.552 INFO  (coreLoadExecutor-6-thread-2) [   x:tweets] o.a.s.c.PluginBag requestHandler : '/elevate' created with startup=lazy 
2016-04-05 15:45:19.553 INFO  (coreLoadExecutor-6-thread-2) [   x:tweets] o.a.s.c.RequestHandlers Registered paths: /admin/mbeans,/browse,/update/json/docs,/admin/luke,/export,/get,/admin/properties,/elevate,/update/json,/admin/threads,/query,/analysis/field,/analysis/document,/spell,/update/csv,/tvrh,/select,/admin/segments,/admin/system,/replication,/config,/schema,/admin/plugins,/admin/logging,/admin/ping,/update,/admin/file,/debug/dump,/terms,/update/extract
2016-04-05 15:45:19.554 INFO  (coreLoadExecutor-6-thread-2) [   x:tweets] o.a.s.c.SolrCore Using default statsCache cache: org.apache.solr.search.stats.LocalStatsCache
2016-04-05 15:45:19.566 INFO  (coreLoadExecutor-6-thread-2) [   x:tweets] o.a.s.u.UpdateHandler Using UpdateLog implementation: org.apache.solr.update.UpdateLog
2016-04-05 15:45:19.567 INFO  (coreLoadExecutor-6-thread-2) [   x:tweets] o.a.s.u.UpdateLog Initializing UpdateLog: dataDir= defaultSyncLevel=FLUSH numRecordsToKeep=100 maxNumLogsToKeep=10 numVersionBuckets=65536
2016-04-05 15:45:19.586 INFO  (coreLoadExecutor-6-thread-2) [   x:tweets] o.a.s.u.CommitTracker Hard AutoCommit: if uncommited for 1000ms; 
2016-04-05 15:45:19.587 INFO  (coreLoadExecutor-6-thread-2) [   x:tweets] o.a.s.u.CommitTracker Soft AutoCommit: disabled
2016-04-05 15:45:19.614 INFO  (coreLoadExecutor-6-thread-1) [   x:images] o.a.s.c.PluginBag requestHandler : '/update/extract' created with startup=lazy 
2016-04-05 15:45:19.614 INFO  (coreLoadExecutor-6-thread-1) [   x:images] o.a.s.c.PluginBag requestHandler : '/analysis/field' created with startup=lazy 
2016-04-05 15:45:19.614 INFO  (coreLoadExecutor-6-thread-1) [   x:images] o.a.s.c.PluginBag requestHandler : '/analysis/document' created with startup=lazy 
2016-04-05 15:45:19.614 INFO  (coreLoadExecutor-6-thread-1) [   x:images] o.a.s.c.PluginBag requestHandler : '/spell' created with startup=lazy 
2016-04-05 15:45:19.614 INFO  (coreLoadExecutor-6-thread-1) [   x:images] o.a.s.c.PluginBag requestHandler : '/tvrh' created with startup=lazy 
2016-04-05 15:45:19.614 INFO  (coreLoadExecutor-6-thread-1) [   x:images] o.a.s.c.PluginBag requestHandler : '/terms' created with startup=lazy 
2016-04-05 15:45:19.614 INFO  (coreLoadExecutor-6-thread-1) [   x:images] o.a.s.c.PluginBag requestHandler : '/elevate' created with startup=lazy 
2016-04-05 15:45:19.614 INFO  (coreLoadExecutor-6-thread-1) [   x:images] o.a.s.c.RequestHandlers Registered paths: /admin/mbeans,/browse,/update/json/docs,/admin/luke,/export,/get,/admin/properties,/elevate,/update/json,/admin/threads,/query,/analysis/field,/lireq,/analysis/document,/spell,/update/csv,/tvrh,/select,/admin/segments,/admin/system,/replication,/config,/schema,/admin/plugins,/admin/logging,/admin/ping,/update,/admin/file,/debug/dump,/terms,/update/extract
2016-04-05 15:45:19.615 INFO  (coreLoadExecutor-6-thread-1) [   x:images] o.a.s.c.SolrCore Using default statsCache cache: org.apache.solr.search.stats.LocalStatsCache
2016-04-05 15:45:19.616 INFO  (coreLoadExecutor-6-thread-1) [   x:images] o.a.s.u.UpdateHandler Using UpdateLog implementation: org.apache.solr.update.UpdateLog
2016-04-05 15:45:19.616 INFO  (coreLoadExecutor-6-thread-1) [   x:images] o.a.s.u.UpdateLog Initializing UpdateLog: dataDir= defaultSyncLevel=FLUSH numRecordsToKeep=100 maxNumLogsToKeep=10 numVersionBuckets=65536
2016-04-05 15:45:19.638 INFO  (coreLoadExecutor-6-thread-1) [   x:images] o.a.s.u.CommitTracker Hard AutoCommit: if uncommited for 15000ms; 
2016-04-05 15:45:19.638 INFO  (coreLoadExecutor-6-thread-1) [   x:images] o.a.s.u.CommitTracker Soft AutoCommit: disabled
2016-04-05 15:45:19.654 INFO  (coreLoadExecutor-6-thread-1) [   x:images] o.a.s.c.SolrDeletionPolicy SolrDeletionPolicy.onInit: commits: num=1
	commit{dir=NRTCachingDirectory(MMapDirectory@/Users/shantanugupta/Downloads/solr-5.5.0/server/solr/images/data/index lockFactory=org.apache.lucene.store.NativeFSLockFactory@334ad5a9; maxCacheMB=48.0 maxMergeSizeMB=4.0),segFN=segments_u,generation=30}
2016-04-05 15:45:19.654 INFO  (coreLoadExecutor-6-thread-2) [   x:tweets] o.a.s.c.SolrDeletionPolicy SolrDeletionPolicy.onInit: commits: num=1
	commit{dir=NRTCachingDirectory(MMapDirectory@/Users/shantanugupta/Downloads/solr-5.5.0/server/solr/tweets/data/index lockFactory=org.apache.lucene.store.NativeFSLockFactory@334ad5a9; maxCacheMB=48.0 maxMergeSizeMB=4.0),segFN=segments_1v,generation=67}
2016-04-05 15:45:19.654 INFO  (coreLoadExecutor-6-thread-1) [   x:images] o.a.s.c.SolrDeletionPolicy newest commit generation = 30
2016-04-05 15:45:19.654 INFO  (coreLoadExecutor-6-thread-2) [   x:tweets] o.a.s.c.SolrDeletionPolicy newest commit generation = 67
2016-04-05 15:45:19.733 INFO  (coreLoadExecutor-6-thread-2) [   x:tweets] o.a.s.s.SolrIndexSearcher Opening Searcher@54797e13[tweets] main
2016-04-05 15:45:19.733 INFO  (coreLoadExecutor-6-thread-1) [   x:images] o.a.s.s.SolrIndexSearcher Opening Searcher@4e4091c8[images] main
2016-04-05 15:45:19.740 INFO  (coreLoadExecutor-6-thread-1) [   x:images] o.a.s.r.ManagedResourceStorage File-based storage initialized to use dir: /Users/shantanugupta/Downloads/solr-5.5.0/server/solr/images/conf
2016-04-05 15:45:19.740 INFO  (coreLoadExecutor-6-thread-2) [   x:tweets] o.a.s.r.ManagedResourceStorage File-based storage initialized to use dir: /Users/shantanugupta/Downloads/solr-5.5.0/server/solr/tweets/conf
2016-04-05 15:45:19.740 INFO  (coreLoadExecutor-6-thread-2) [   x:tweets] o.a.s.r.RestManager Initializing RestManager with initArgs: {storageDir=/Users/shantanugupta/Downloads/solr-5.5.0/server/solr/tweets/conf}
2016-04-05 15:45:19.740 INFO  (coreLoadExecutor-6-thread-1) [   x:images] o.a.s.r.RestManager Initializing RestManager with initArgs: {storageDir=/Users/shantanugupta/Downloads/solr-5.5.0/server/solr/images/conf}
2016-04-05 15:45:19.751 INFO  (coreLoadExecutor-6-thread-2) [   x:tweets] o.a.s.r.ManagedResourceStorage Reading _rest_managed.json using file:dir=/Users/shantanugupta/Downloads/solr-5.5.0/server/solr/tweets/conf
2016-04-05 15:45:19.751 INFO  (coreLoadExecutor-6-thread-1) [   x:images] o.a.s.r.ManagedResourceStorage Reading _rest_managed.json using file:dir=/Users/shantanugupta/Downloads/solr-5.5.0/server/solr/images/conf
2016-04-05 15:45:19.751 INFO  (coreLoadExecutor-6-thread-2) [   x:tweets] o.a.s.r.RestManager Initializing 0 registered ManagedResources
2016-04-05 15:45:19.751 INFO  (coreLoadExecutor-6-thread-1) [   x:images] o.a.s.r.RestManager Initializing 0 registered ManagedResources
2016-04-05 15:45:19.757 INFO  (coreLoadExecutor-6-thread-2) [   x:tweets] o.a.s.h.c.SpellCheckComponent Initializing spell checkers
2016-04-05 15:45:19.757 INFO  (coreLoadExecutor-6-thread-1) [   x:images] o.a.s.h.c.SpellCheckComponent Initializing spell checkers
2016-04-05 15:45:19.763 INFO  (coreLoadExecutor-6-thread-1) [   x:images] o.a.s.s.DirectSolrSpellChecker init: {name=default,field=_text_,classname=solr.DirectSolrSpellChecker,distanceMeasure=internal,accuracy=0.5,maxEdits=2,minPrefix=1,maxInspections=5,minQueryLength=4,maxQueryFrequency=0.01}
2016-04-05 15:45:19.763 INFO  (coreLoadExecutor-6-thread-2) [   x:tweets] o.a.s.s.DirectSolrSpellChecker init: {name=default,field=_text_,classname=solr.DirectSolrSpellChecker,distanceMeasure=internal,accuracy=0.5,maxEdits=2,minPrefix=1,maxInspections=5,minQueryLength=4,maxQueryFrequency=0.01}
2016-04-05 15:45:19.764 INFO  (coreLoadExecutor-6-thread-1) [   x:images] o.a.s.h.c.SpellCheckComponent No queryConverter defined, using default converter
2016-04-05 15:45:19.764 INFO  (coreLoadExecutor-6-thread-2) [   x:tweets] o.a.s.h.c.SpellCheckComponent No queryConverter defined, using default converter
2016-04-05 15:45:19.766 INFO  (coreLoadExecutor-6-thread-1) [   x:images] o.a.s.h.c.QueryElevationComponent Loading QueryElevation from: /Users/shantanugupta/Downloads/solr-5.5.0/server/solr/images/conf/elevate.xml
2016-04-05 15:45:19.766 INFO  (coreLoadExecutor-6-thread-2) [   x:tweets] o.a.s.h.c.QueryElevationComponent Loading QueryElevation from: /Users/shantanugupta/Downloads/solr-5.5.0/server/solr/tweets/conf/elevate.xml
2016-04-05 15:45:19.781 INFO  (coreLoadExecutor-6-thread-1) [   x:images] o.a.s.h.ReplicationHandler Commits will be reserved for  10000
2016-04-05 15:45:19.781 INFO  (coreLoadExecutor-6-thread-2) [   x:tweets] o.a.s.h.ReplicationHandler Commits will be reserved for  10000
2016-04-05 15:45:19.782 INFO  (searcherExecutor-8-thread-1-processing-x:images) [   x:images] o.a.s.c.QuerySenderListener QuerySenderListener sending requests to Searcher@4e4091c8[images] main{ExitableDirectoryReader(UninvertingDirectoryReader(Uninverting(_d(5.5.0):C995) Uninverting(_e(5.5.0):C963) Uninverting(_f(5.5.0):C1813) Uninverting(_g(5.5.0):C705) Uninverting(_h(5.5.0):C1476) Uninverting(_i(5.5.0):C1497) Uninverting(_j(5.5.0):C1453)))}
2016-04-05 15:45:19.782 INFO  (searcherExecutor-7-thread-1-processing-x:tweets) [   x:tweets] o.a.s.c.QuerySenderListener QuerySenderListener sending requests to Searcher@54797e13[tweets] main{ExitableDirectoryReader(UninvertingDirectoryReader(Uninverting(_1e(5.5.0):C2000/1995:delGen=2) Uninverting(_1f(5.5.0):C2000/3:delGen=1) Uninverting(_1g(5.5.0):C2000/4:delGen=1) Uninverting(_1h(5.5.0):C2000/5:delGen=1) Uninverting(_1i(5.5.0):C2000/2:delGen=1) Uninverting(_1j(5.5.0):C2000/4:delGen=1) Uninverting(_1k(5.5.0):C2000/4:delGen=1) Uninverting(_1l(5.5.0):C2000/4:delGen=1)))}
2016-04-05 15:45:19.782 INFO  (searcherExecutor-8-thread-1-processing-x:images) [   x:images] o.a.s.c.QuerySenderListener QuerySenderListener done.
2016-04-05 15:45:19.782 INFO  (searcherExecutor-7-thread-1-processing-x:tweets) [   x:tweets] o.a.s.c.QuerySenderListener QuerySenderListener done.
2016-04-05 15:45:19.782 INFO  (searcherExecutor-7-thread-1-processing-x:tweets) [   x:tweets] o.a.s.h.c.SpellCheckComponent Loading spell index for spellchecker: default
2016-04-05 15:45:19.782 INFO  (searcherExecutor-8-thread-1-processing-x:images) [   x:images] o.a.s.h.c.SpellCheckComponent Loading spell index for spellchecker: default
2016-04-05 15:45:19.782 INFO  (searcherExecutor-8-thread-1-processing-x:images) [   x:images] o.a.s.c.SolrCore [images] Registered new searcher Searcher@4e4091c8[images] main{ExitableDirectoryReader(UninvertingDirectoryReader(Uninverting(_d(5.5.0):C995) Uninverting(_e(5.5.0):C963) Uninverting(_f(5.5.0):C1813) Uninverting(_g(5.5.0):C705) Uninverting(_h(5.5.0):C1476) Uninverting(_i(5.5.0):C1497) Uninverting(_j(5.5.0):C1453)))}
2016-04-05 15:45:19.782 INFO  (searcherExecutor-7-thread-1-processing-x:tweets) [   x:tweets] o.a.s.c.SolrCore [tweets] Registered new searcher Searcher@54797e13[tweets] main{ExitableDirectoryReader(UninvertingDirectoryReader(Uninverting(_1e(5.5.0):C2000/1995:delGen=2) Uninverting(_1f(5.5.0):C2000/3:delGen=1) Uninverting(_1g(5.5.0):C2000/4:delGen=1) Uninverting(_1h(5.5.0):C2000/5:delGen=1) Uninverting(_1i(5.5.0):C2000/2:delGen=1) Uninverting(_1j(5.5.0):C2000/4:delGen=1) Uninverting(_1k(5.5.0):C2000/4:delGen=1) Uninverting(_1l(5.5.0):C2000/4:delGen=1)))}
2016-04-05 15:45:19.782 INFO  (coreLoadExecutor-6-thread-1) [   x:images] o.a.s.u.UpdateLog Looking up max value of version field to seed version buckets
2016-04-05 15:45:19.782 INFO  (coreLoadExecutor-6-thread-2) [   x:tweets] o.a.s.u.UpdateLog Looking up max value of version field to seed version buckets
2016-04-05 15:45:19.783 INFO  (coreLoadExecutor-6-thread-1) [   x:images] o.a.s.u.VersionInfo Refreshing highest value of _version_ for 65536 version buckets from index
2016-04-05 15:45:19.783 INFO  (coreLoadExecutor-6-thread-2) [   x:tweets] o.a.s.u.VersionInfo Refreshing highest value of _version_ for 65536 version buckets from index
2016-04-05 15:45:19.800 INFO  (coreLoadExecutor-6-thread-2) [   x:tweets] o.a.s.u.VersionInfo Found MAX value 1530675026833965058 from Terms for _version_ in index
2016-04-05 15:45:19.802 INFO  (coreLoadExecutor-6-thread-1) [   x:images] o.a.s.u.VersionInfo Found MAX value 1530587696240525317 from Terms for _version_ in index
2016-04-05 15:45:19.806 INFO  (coreLoadExecutor-6-thread-2) [   x:tweets] o.a.s.u.UpdateLog Took 23.0ms to seed version buckets with highest version 1530675026833965058
2016-04-05 15:45:19.806 INFO  (coreLoadExecutor-6-thread-1) [   x:images] o.a.s.u.UpdateLog Took 23.0ms to seed version buckets with highest version 1530587696240525317
2016-04-05 15:45:19.807 INFO  (coreLoadExecutor-6-thread-2) [   x:tweets] o.a.s.c.CoreContainer registering core: tweets
2016-04-05 15:45:19.807 INFO  (coreLoadExecutor-6-thread-1) [   x:images] o.a.s.c.CoreContainer registering core: images
2016-04-05 15:45:57.285 INFO  (qtp434176574-22) [   x:tweets] o.a.s.c.S.Request [tweets]  webapp=/solr path=/select params={q=tweet_text:predator+AND+sentiment:"*"&start=0&rows=10&wt=json} hits=3 status=0 QTime=57
2016-04-05 15:46:27.556 INFO  (qtp434176574-15) [   x:images] o.a.s.c.S.Request [images]  webapp=/solr path=/lireq params={url=https://pbs.twimg.com/media/Ce2JDDwUYAAp9k8.jpg} status=0 QTime=3036
2016-04-05 15:46:27.585 INFO  (qtp434176574-21) [   x:tweets] o.a.s.c.S.Request [tweets]  webapp=/solr path=/select params={q=id:715378602636877800&wt=json} hits=1 status=0 QTime=4
2016-04-05 15:46:27.586 INFO  (qtp434176574-15) [   x:tweets] o.a.s.c.S.Request [tweets]  webapp=/solr path=/select params={q=id:710406929500209200&wt=json} hits=1 status=0 QTime=4
2016-04-05 15:46:27.586 INFO  (qtp434176574-14) [   x:tweets] o.a.s.c.S.Request [tweets]  webapp=/solr path=/select params={q=id:715624480530436100&wt=json} hits=1 status=0 QTime=5
2016-04-05 15:46:27.587 INFO  (qtp434176574-22) [   x:tweets] o.a.s.c.S.Request [tweets]  webapp=/solr path=/select params={q=id:716514436895416300&wt=json} hits=1 status=0 QTime=6
2016-04-05 15:46:27.587 INFO  (qtp434176574-47) [   x:tweets] o.a.s.c.S.Request [tweets]  webapp=/solr path=/select params={q=id:714486807057080300&wt=json} hits=1 status=0 QTime=3
2016-04-05 15:46:27.589 INFO  (qtp434176574-13) [   x:tweets] o.a.s.c.S.Request [tweets]  webapp=/solr path=/select params={q=id:715243457934200800&wt=json} hits=1 status=0 QTime=7
2016-04-05 15:46:27.589 INFO  (qtp434176574-46) [   x:tweets] o.a.s.c.S.Request [tweets]  webapp=/solr path=/select params={q=id:711933571724939300&wt=json} hits=1 status=0 QTime=5
2016-04-05 15:46:27.592 INFO  (qtp434176574-50) [   x:tweets] o.a.s.c.S.Request [tweets]  webapp=/solr path=/select params={q=id:713241142394032100&wt=json} hits=1 status=0 QTime=4
2016-04-05 15:46:27.593 INFO  (qtp434176574-45) [   x:tweets] o.a.s.c.S.Request [tweets]  webapp=/solr path=/select params={q=id:707111158910681100&wt=json} hits=0 status=0 QTime=11
2016-04-05 15:46:27.593 INFO  (qtp434176574-56) [   x:tweets] o.a.s.c.S.Request [tweets]  webapp=/solr path=/select params={q=id:715096960517189600&wt=json} hits=1 status=0 QTime=3
2016-04-05 15:46:27.593 INFO  (qtp434176574-49) [   x:tweets] o.a.s.c.S.Request [tweets]  webapp=/solr path=/select params={q=id:714036015644733400&wt=json} hits=1 status=0 QTime=5
2016-04-05 15:46:27.594 INFO  (qtp434176574-51) [   x:tweets] o.a.s.c.S.Request [tweets]  webapp=/solr path=/select params={q=id:711533081413476400&wt=json} hits=1 status=0 QTime=5
2016-04-05 15:46:27.594 INFO  (qtp434176574-55) [   x:tweets] o.a.s.c.S.Request [tweets]  webapp=/solr path=/select params={q=id:716033793501605900&wt=json} hits=1 status=0 QTime=4
2016-04-05 15:46:27.596 INFO  (qtp434176574-22) [   x:tweets] o.a.s.c.S.Request [tweets]  webapp=/solr path=/select params={q=id:710299136499826700&wt=json} hits=1 status=0 QTime=4
2016-04-05 15:46:27.597 INFO  (qtp434176574-49) [   x:tweets] o.a.s.c.S.Request [tweets]  webapp=/solr path=/select params={q=id:713359464565354500&wt=json} hits=1 status=0 QTime=0
2016-04-05 15:46:27.597 INFO  (qtp434176574-46) [   x:tweets] o.a.s.c.S.Request [tweets]  webapp=/solr path=/select params={q=id:714559591091159000&wt=json} hits=1 status=0 QTime=6
2016-04-05 15:46:27.597 INFO  (qtp434176574-59) [   x:tweets] o.a.s.c.S.Request [tweets]  webapp=/solr path=/select params={q=id:690431851073269800&wt=json} hits=0 status=0 QTime=4
2016-04-05 15:46:27.597 INFO  (qtp434176574-14) [   x:tweets] o.a.s.c.S.Request [tweets]  webapp=/solr path=/select params={q=id:710811824095141900&wt=json} hits=1 status=0 QTime=5
2016-04-05 15:46:27.597 INFO  (qtp434176574-50) [   x:tweets] o.a.s.c.S.Request [tweets]  webapp=/solr path=/select params={q=id:712484212398489600&wt=json} hits=1 status=0 QTime=0
2016-04-05 15:46:27.598 INFO  (qtp434176574-47) [   x:tweets] o.a.s.c.S.Request [tweets]  webapp=/solr path=/select params={q=id:690764327914184700&wt=json} hits=1 status=0 QTime=6
2016-04-05 15:46:27.598 INFO  (qtp434176574-15) [   x:tweets] o.a.s.c.S.Request [tweets]  webapp=/solr path=/select params={q=id:711541850742587400&wt=json} hits=1 status=0 QTime=6
2016-04-05 15:46:27.600 INFO  (qtp434176574-49) [   x:tweets] o.a.s.c.S.Request [tweets]  webapp=/solr path=/select params={q=id:712680550264348700&wt=json} hits=1 status=0 QTime=0
2016-04-05 15:46:27.601 INFO  (qtp434176574-54) [   x:tweets] o.a.s.c.S.Request [tweets]  webapp=/solr path=/select params={q=id:715636635594047500&wt=json} hits=1 status=0 QTime=9
2016-04-05 15:46:27.601 INFO  (qtp434176574-62) [   x:tweets] o.a.s.c.S.Request [tweets]  webapp=/solr path=/select params={q=id:713906386422349800&wt=json} hits=1 status=0 QTime=5
2016-04-05 15:46:27.601 INFO  (qtp434176574-21) [   x:tweets] o.a.s.c.S.Request [tweets]  webapp=/solr path=/select params={q=id:712942080037769200&wt=json} hits=1 status=0 QTime=8
2016-04-05 15:46:27.601 INFO  (qtp434176574-47) [   x:tweets] o.a.s.c.S.Request [tweets]  webapp=/solr path=/select params={q=id:712939997876195300&wt=json} hits=1 status=0 QTime=0
2016-04-05 15:46:27.600 INFO  (qtp434176574-46) [   x:tweets] o.a.s.c.S.Request [tweets]  webapp=/solr path=/select params={q=id:694158299948785700&wt=json} hits=1 status=0 QTime=0
2016-04-05 15:46:27.601 INFO  (qtp434176574-56) [   x:tweets] o.a.s.c.S.Request [tweets]  webapp=/solr path=/select params={q=id:714155601098571800&wt=json} hits=1 status=0 QTime=4
2016-04-05 15:46:27.601 INFO  (qtp434176574-64) [   x:tweets] o.a.s.c.S.Request [tweets]  webapp=/solr path=/select params={q=id:706688213453299700&wt=json} hits=0 status=0 QTime=0
2016-04-05 15:46:27.602 INFO  (qtp434176574-57) [   x:tweets] o.a.s.c.S.Request [tweets]  webapp=/solr path=/select params={q=id:709505867624882200&wt=json} hits=1 status=0 QTime=10
2016-04-05 15:46:27.599 INFO  (qtp434176574-52) [   x:tweets] o.a.s.c.S.Request [tweets]  webapp=/solr path=/select params={q=id:713877110629277700&wt=json} hits=1 status=0 QTime=9
2016-04-05 15:46:27.602 INFO  (qtp434176574-22) [   x:tweets] o.a.s.c.S.Request [tweets]  webapp=/solr path=/select params={q=id:712929462334177300&wt=json} hits=1 status=0 QTime=3
2016-04-05 15:46:27.602 INFO  (qtp434176574-15) [   x:tweets] o.a.s.c.S.Request [tweets]  webapp=/solr path=/select params={q=id:713757729542774800&wt=json} hits=1 status=0 QTime=0
2016-04-05 15:46:27.603 INFO  (qtp434176574-54) [   x:tweets] o.a.s.c.S.Request [tweets]  webapp=/solr path=/select params={q=id:712352533742620700&wt=json} hits=1 status=0 QTime=0
2016-04-05 15:46:27.601 INFO  (qtp434176574-14) [   x:tweets] o.a.s.c.S.Request [tweets]  webapp=/solr path=/select params={q=id:712926984947515400&wt=json} hits=1 status=0 QTime=1
2016-04-05 15:46:27.603 INFO  (qtp434176574-62) [   x:tweets] o.a.s.c.S.Request [tweets]  webapp=/solr path=/select params={q=id:712719295126569000&wt=json} hits=1 status=0 QTime=1
2016-04-05 15:46:27.603 INFO  (qtp434176574-53) [   x:tweets] o.a.s.c.S.Request [tweets]  webapp=/solr path=/select params={q=id:713092993994125300&wt=json} hits=1 status=0 QTime=14
2016-04-05 15:46:27.608 INFO  (qtp434176574-15) [   x:tweets] o.a.s.c.S.Request [tweets]  webapp=/solr path=/select params={q=id:712920824454447100&wt=json} hits=1 status=0 QTime=2
2016-04-05 15:46:27.601 INFO  (qtp434176574-48) [   x:tweets] o.a.s.c.S.Request [tweets]  webapp=/solr path=/select params={q=id:713404821143945200&wt=json} hits=1 status=0 QTime=15
2016-04-05 15:46:27.608 INFO  (qtp434176574-65) [   x:tweets] o.a.s.c.S.Request [tweets]  webapp=/solr path=/select params={q=id:694537906032136200&wt=json} hits=1 status=0 QTime=0
2016-04-05 15:46:27.601 INFO  (qtp434176574-60) [   x:tweets] o.a.s.c.S.Request [tweets]  webapp=/solr path=/select params={q=id:712835781002285000&wt=json} hits=1 status=0 QTime=7
2016-04-05 15:46:27.608 INFO  (qtp434176574-13) [   x:tweets] o.a.s.c.S.Request [tweets]  webapp=/solr path=/select params={q=id:715184574041559000&wt=json} hits=1 status=0 QTime=17
2016-04-05 15:46:27.608 INFO  (qtp434176574-21) [   x:tweets] o.a.s.c.S.Request [tweets]  webapp=/solr path=/select params={q=id:712822266187423700&wt=json} hits=1 status=0 QTime=3
2016-04-05 15:46:27.608 INFO  (qtp434176574-55) [   x:tweets] o.a.s.c.S.Request [tweets]  webapp=/solr path=/select params={q=id:711833623846981600&wt=json} hits=1 status=0 QTime=11
2016-04-05 15:46:27.608 INFO  (qtp434176574-66) [   x:tweets] o.a.s.c.S.Request [tweets]  webapp=/solr path=/select params={q=id:710176387282423800&wt=json} hits=1 status=0 QTime=3
2016-04-05 15:46:27.608 INFO  (qtp434176574-45) [   x:tweets] o.a.s.c.S.Request [tweets]  webapp=/solr path=/select params={q=id:712942224716075000&wt=json} hits=1 status=0 QTime=14
2016-04-05 15:46:27.608 INFO  (qtp434176574-51) [   x:tweets] o.a.s.c.S.Request [tweets]  webapp=/solr path=/select params={q=id:708954721889984500&wt=json} hits=1 status=0 QTime=11
2016-04-05 15:46:27.607 INFO  (qtp434176574-47) [   x:tweets] o.a.s.c.S.Request [tweets]  webapp=/solr path=/select params={q=id:712956665985798100&wt=json} hits=1 status=0 QTime=0
2016-04-05 15:46:27.607 INFO  (qtp434176574-57) [   x:tweets] o.a.s.c.S.Request [tweets]  webapp=/solr path=/select params={q=id:712394917931302900&wt=json} hits=1 status=0 QTime=0
2016-04-05 15:46:27.606 INFO  (qtp434176574-46) [   x:tweets] o.a.s.c.S.Request [tweets]  webapp=/solr path=/select params={q=id:712517376969949200&wt=json} hits=1 status=0 QTime=0
2016-04-05 15:46:27.606 INFO  (qtp434176574-67) [   x:tweets] o.a.s.c.S.Request [tweets]  webapp=/solr path=/select params={q=id:711443659586076700&wt=json} hits=0 status=0 QTime=0
2016-04-05 15:46:27.605 INFO  (qtp434176574-63) [   x:tweets] o.a.s.c.S.Request [tweets]  webapp=/solr path=/select params={q=id:714708715153268700&wt=json} hits=1 status=0 QTime=5
2016-04-05 15:46:27.605 INFO  (qtp434176574-56) [   x:tweets] o.a.s.c.S.Request [tweets]  webapp=/solr path=/select params={q=id:714440474451435500&wt=json} hits=1 status=0 QTime=0
2016-04-05 15:46:27.605 INFO  (qtp434176574-22) [   x:tweets] o.a.s.c.S.Request [tweets]  webapp=/solr path=/select params={q=id:712521995246837800&wt=json} hits=1 status=0 QTime=0
2016-04-05 15:46:27.604 INFO  (qtp434176574-61) [   x:tweets] o.a.s.c.S.Request [tweets]  webapp=/solr path=/select params={q=id:712924492062978000&wt=json} hits=1 status=0 QTime=8
2016-04-05 15:46:27.604 INFO  (qtp434176574-64) [   x:tweets] o.a.s.c.S.Request [tweets]  webapp=/solr path=/select params={q=id:713022984332648400&wt=json} hits=1 status=0 QTime=1
2016-04-05 15:46:27.603 INFO  (qtp434176574-59) [   x:tweets] o.a.s.c.S.Request [tweets]  webapp=/solr path=/select params={q=id:714892402444615700&wt=json} hits=1 status=0 QTime=4
2016-04-05 15:46:27.603 INFO  (qtp434176574-58) [   x:tweets] o.a.s.c.S.Request [tweets]  webapp=/solr path=/select params={q=id:714625117028884500&wt=json} hits=1 status=0 QTime=10
2016-04-05 15:46:27.603 INFO  (qtp434176574-50) [   x:tweets] o.a.s.c.S.Request [tweets]  webapp=/solr path=/select params={q=id:709805351231754200&wt=json} hits=1 status=0 QTime=3
2016-04-05 15:46:27.602 INFO  (qtp434176574-49) [   x:tweets] o.a.s.c.S.Request [tweets]  webapp=/solr path=/select params={q=id:716387614878744600&wt=json} hits=1 status=0 QTime=0
2016-04-05 15:53:53.267 INFO  (qtp434176574-64) [   x:tweets] o.a.s.c.S.Request [tweets]  webapp=/solr path=/select params={q=tweet_text:Cuba+AND+sentiment:"*"&start=0&rows=10&wt=json} hits=130 status=0 QTime=6
2016-04-05 15:54:16.656 INFO  (qtp434176574-67) [   x:tweets] o.a.s.c.S.Request [tweets]  webapp=/solr path=/select params={q=tweet_text:Donald%2BTrump+AND+sentiment:"*"&start=0&rows=10&wt=json} hits=765 status=0 QTime=7
2016-04-05 15:54:42.531 INFO  (qtp434176574-46) [   x:tweets] o.a.s.c.S.Request [tweets]  webapp=/solr path=/select params={q=tweet_text:Donald%2BTrump+AND+sentiment:"positive"&start=0&rows=10&wt=json} hits=233 status=0 QTime=10
2016-04-05 15:55:01.805 INFO  (qtp434176574-46) [   x:tweets] o.a.s.c.S.Request [tweets]  webapp=/solr path=/select params={q=tweet_text:Donald%2BTrump+AND+sentiment:"negative"&pt=1.3521,103.8198&d=40&start=0&fq={!geofilt+sfield%3Dcoordinates}&rows=10&wt=json} hits=3 status=0 QTime=63
2016-04-05 15:55:19.113 INFO  (qtp434176574-67) [   x:tweets] o.a.s.c.S.Request [tweets]  webapp=/solr path=/select params={q=tweet_text:Donald%2BTrump+AND+sentiment:"negative"&start=0&rows=10&wt=json} hits=233 status=0 QTime=2
2016-04-05 15:55:38.647 INFO  (qtp434176574-67) [   x:tweets] o.a.s.c.S.Request [tweets]  webapp=/solr path=/select params={q=tweet_text:Obama+AND+sentiment:"negative"&start=0&rows=10&wt=json} hits=65 status=0 QTime=4
2016-04-05 15:55:40.026 INFO  (qtp434176574-46) [   x:tweets] o.a.s.c.S.Request [tweets]  webapp=/solr path=/select params={q=tweet_text:Obama+AND+sentiment:"negative"&pt=1.3521,103.8198&d=40&start=0&fq={!geofilt+sfield%3Dcoordinates}&rows=10&wt=json} hits=12 status=0 QTime=3
2016-04-05 15:55:42.480 INFO  (qtp434176574-47) [   x:tweets] o.a.s.c.S.Request [tweets]  webapp=/solr path=/select params={q=tweet_text:Obama+AND+sentiment:"negative"&start=0&rows=10&wt=json} hits=65 status=0 QTime=1
2016-04-05 15:56:05.018 INFO  (qtp434176574-64) [   x:tweets] o.a.s.c.S.Request [tweets]  webapp=/solr path=/select params={q=tweet_text:Europe+AND+sentiment:"*"&pt=1.3521,103.8198&d=40&start=0&fq={!geofilt+sfield%3Dcoordinates}&rows=10&wt=json} hits=6 status=0 QTime=3
2016-04-05 15:56:07.429 INFO  (qtp434176574-47) [   x:tweets] o.a.s.c.S.Request [tweets]  webapp=/solr path=/select params={q=tweet_text:Europe+AND+sentiment:"*"&start=0&rows=10&wt=json} hits=79 status=0 QTime=1
2016-04-05 15:56:29.458 INFO  (qtp434176574-64) [   x:tweets] o.a.s.c.S.Request [tweets]  webapp=/solr path=/select params={q=tweet_text:tony%2Btan+AND+sentiment:"*"&pt=1.3521,103.8198&d=40&start=0&fq={!geofilt+sfield%3Dcoordinates}&rows=10&wt=json} hits=14 status=0 QTime=2
2016-04-05 15:56:39.135 INFO  (qtp434176574-64) [   x:tweets] o.a.s.c.S.Request [tweets]  webapp=/solr path=/select params={q=tweet_text:tony%2Btan+AND+sentiment:"neutral"&pt=1.3521,103.8198&d=40&start=0&fq={!geofilt+sfield%3Dcoordinates}&rows=10&wt=json} hits=10 status=0 QTime=2
2016-04-05 15:56:44.131 INFO  (qtp434176574-64) [   x:tweets] o.a.s.c.S.Request [tweets]  webapp=/solr path=/select params={q=tweet_text:tony%2Btan+AND+sentiment:"*"&pt=1.3521,103.8198&d=40&start=0&fq={!geofilt+sfield%3Dcoordinates}&rows=10&wt=json} hits=14 status=0 QTime=0
