OpenJDK 64-Bit Server VM (24.95-b01) for linux-amd64 JRE (1.7.0_95-b00), built on Jan 21 2016 03:31:40 by "buildd" with gcc 4.8.4
Memory: 4k page, physical 6093832k(2521580k free), swap 6271996k(6271996k free)
CommandLine flags: -XX:CMSFullGCsBeforeCompaction=1 -XX:CMSInitiatingOccupancyFraction=50 -XX:CMSMaxAbortablePrecleanTime=6000 -XX:+CMSParallelRemarkEnabled -XX:+CMSScavengeBeforeRemark -XX:CMSTriggerPermRatio=80 -XX:ConcGCThreads=4 -XX:InitialHeapSize=536870912 -XX:MaxHeapSize=536870912 -XX:MaxTenuringThreshold=8 -XX:NewRatio=3 -XX:OldPLABSize=16 -XX:ParallelGCThreads=4 -XX:+ParallelRefProcEnabled -XX:PretenureSizeThreshold=67108864 -XX:+PrintGC -XX:+PrintGCApplicationStoppedTime -XX:+PrintGCDateStamps -XX:+PrintGCDetails -XX:+PrintGCTimeStamps -XX:+PrintHeapAtGC -XX:+PrintTenuringDistribution -XX:SurvivorRatio=4 -XX:TargetSurvivorRatio=90 -XX:ThreadStackSize=256 -XX:+UseCMSInitiatingOccupancyOnly -XX:+UseCompressedOops -XX:+UseConcMarkSweepGC -XX:+UseParNewGC 
2016-04-08T17:47:00.028+0800: 1.032: Total time for which application threads were stopped: 0.0001390 seconds, Stopping threads took: 0.0000270 seconds
{Heap before GC invocations=0 (full 0):
 par new generation   total 109248K, used 87424K [0x00000000d5a00000, 0x00000000dda00000, 0x00000000dda00000)
  eden space 87424K, 100% used [0x00000000d5a00000, 0x00000000daf60000, 0x00000000daf60000)
  from space 21824K,   0% used [0x00000000daf60000, 0x00000000daf60000, 0x00000000dc4b0000)
  to   space 21824K,   0% used [0x00000000dc4b0000, 0x00000000dc4b0000, 0x00000000dda00000)
 concurrent mark-sweep generation total 393216K, used 0K [0x00000000dda00000, 0x00000000f5a00000, 0x00000000f5a00000)
 concurrent-mark-sweep perm gen total 21248K, used 10325K [0x00000000f5a00000, 0x00000000f6ec0000, 0x0000000100000000)
2016-04-08T17:47:00.083+0800: 1.087: [GC2016-04-08T17:47:00.083+0800: 1.087: [ParNew
Desired survivor size 20112992 bytes, new threshold 8 (max 8)
- age   1:    5231144 bytes,    5231144 total
: 87424K->5171K(109248K), 0.0109200 secs] 87424K->5171K(502464K), 0.0110310 secs] [Times: user=0.03 sys=0.00, real=0.01 secs] 
Heap after GC invocations=1 (full 0):
 par new generation   total 109248K, used 5171K [0x00000000d5a00000, 0x00000000dda00000, 0x00000000dda00000)
  eden space 87424K,   0% used [0x00000000d5a00000, 0x00000000d5a00000, 0x00000000daf60000)
  from space 21824K,  23% used [0x00000000dc4b0000, 0x00000000dc9bccc8, 0x00000000dda00000)
  to   space 21824K,   0% used [0x00000000daf60000, 0x00000000daf60000, 0x00000000dc4b0000)
 concurrent mark-sweep generation total 393216K, used 0K [0x00000000dda00000, 0x00000000f5a00000, 0x00000000f5a00000)
 concurrent-mark-sweep perm gen total 21248K, used 10325K [0x00000000f5a00000, 0x00000000f6ec0000, 0x0000000100000000)
}
2016-04-08T17:47:00.094+0800: 1.098: Total time for which application threads were stopped: 0.0111980 seconds, Stopping threads took: 0.0000250 seconds
2016-04-08T17:47:00.300+0800: 1.304: Total time for which application threads were stopped: 0.0001200 seconds, Stopping threads took: 0.0000220 seconds
2016-04-08T17:47:00.487+0800: 1.491: Total time for which application threads were stopped: 0.0001140 seconds, Stopping threads took: 0.0000260 seconds
2016-04-08T17:47:00.707+0800: 1.711: Total time for which application threads were stopped: 0.0002060 seconds, Stopping threads took: 0.0000280 seconds
{Heap before GC invocations=1 (full 0):
 par new generation   total 109248K, used 92595K [0x00000000d5a00000, 0x00000000dda00000, 0x00000000dda00000)
  eden space 87424K, 100% used [0x00000000d5a00000, 0x00000000daf60000, 0x00000000daf60000)
  from space 21824K,  23% used [0x00000000dc4b0000, 0x00000000dc9bccc8, 0x00000000dda00000)
  to   space 21824K,   0% used [0x00000000daf60000, 0x00000000daf60000, 0x00000000dc4b0000)
 concurrent mark-sweep generation total 393216K, used 0K [0x00000000dda00000, 0x00000000f5a00000, 0x00000000f5a00000)
 concurrent-mark-sweep perm gen total 21248K, used 19422K [0x00000000f5a00000, 0x00000000f6ec0000, 0x0000000100000000)
2016-04-08T17:47:01.340+0800: 2.344: [GC2016-04-08T17:47:01.340+0800: 2.344: [ParNew
Desired survivor size 20112992 bytes, new threshold 8 (max 8)
- age   1:    9726168 bytes,    9726168 total
- age   2:    2151440 bytes,   11877608 total
: 92595K->13092K(109248K), 0.0195810 secs] 92595K->13092K(502464K), 0.0196760 secs] [Times: user=0.08 sys=0.01, real=0.02 secs] 
Heap after GC invocations=2 (full 0):
 par new generation   total 109248K, used 13092K [0x00000000d5a00000, 0x00000000dda00000, 0x00000000dda00000)
  eden space 87424K,   0% used [0x00000000d5a00000, 0x00000000d5a00000, 0x00000000daf60000)
  from space 21824K,  59% used [0x00000000daf60000, 0x00000000dbc29200, 0x00000000dc4b0000)
  to   space 21824K,   0% used [0x00000000dc4b0000, 0x00000000dc4b0000, 0x00000000dda00000)
 concurrent mark-sweep generation total 393216K, used 0K [0x00000000dda00000, 0x00000000f5a00000, 0x00000000f5a00000)
 concurrent-mark-sweep perm gen total 21248K, used 19422K [0x00000000f5a00000, 0x00000000f6ec0000, 0x0000000100000000)
}
2016-04-08T17:47:01.360+0800: 2.364: Total time for which application threads were stopped: 0.0200130 seconds, Stopping threads took: 0.0000640 seconds
2016-04-08T17:47:01.487+0800: 2.491: Total time for which application threads were stopped: 0.0001640 seconds, Stopping threads took: 0.0000310 seconds
2016-04-08T17:47:01.955+0800: 2.959: Total time for which application threads were stopped: 0.0009430 seconds, Stopping threads took: 0.0007520 seconds
{Heap before GC invocations=2 (full 0):
 par new generation   total 109248K, used 100516K [0x00000000d5a00000, 0x00000000dda00000, 0x00000000dda00000)
  eden space 87424K, 100% used [0x00000000d5a00000, 0x00000000daf60000, 0x00000000daf60000)
  from space 21824K,  59% used [0x00000000daf60000, 0x00000000dbc29200, 0x00000000dc4b0000)
  to   space 21824K,   0% used [0x00000000dc4b0000, 0x00000000dc4b0000, 0x00000000dda00000)
 concurrent mark-sweep generation total 393216K, used 0K [0x00000000dda00000, 0x00000000f5a00000, 0x00000000f5a00000)
 concurrent-mark-sweep perm gen total 21248K, used 20482K [0x00000000f5a00000, 0x00000000f6ec0000, 0x0000000100000000)
2016-04-08T17:47:01.974+0800: 2.978: [GC2016-04-08T17:47:01.974+0800: 2.978: [ParNew
Desired survivor size 20112992 bytes, new threshold 8 (max 8)
- age   1:    1736208 bytes,    1736208 total
- age   2:    3524120 bytes,    5260328 total
- age   3:    2144320 bytes,    7404648 total
: 100516K->11897K(109248K), 0.0145940 secs] 100516K->11897K(502464K), 0.0146810 secs] [Times: user=0.05 sys=0.00, real=0.01 secs] 
Heap after GC invocations=3 (full 0):
 par new generation   total 109248K, used 11897K [0x00000000d5a00000, 0x00000000dda00000, 0x00000000dda00000)
  eden space 87424K,   0% used [0x00000000d5a00000, 0x00000000d5a00000, 0x00000000daf60000)
  from space 21824K,  54% used [0x00000000dc4b0000, 0x00000000dd04e420, 0x00000000dda00000)
  to   space 21824K,   0% used [0x00000000daf60000, 0x00000000daf60000, 0x00000000dc4b0000)
 concurrent mark-sweep generation total 393216K, used 0K [0x00000000dda00000, 0x00000000f5a00000, 0x00000000f5a00000)
 concurrent-mark-sweep perm gen total 21248K, used 20482K [0x00000000f5a00000, 0x00000000f6ec0000, 0x0000000100000000)
}
2016-04-08T17:47:01.989+0800: 2.993: Total time for which application threads were stopped: 0.0148530 seconds, Stopping threads took: 0.0000290 seconds
{Heap before GC invocations=3 (full 0):
 par new generation   total 109248K, used 99321K [0x00000000d5a00000, 0x00000000dda00000, 0x00000000dda00000)
  eden space 87424K, 100% used [0x00000000d5a00000, 0x00000000daf60000, 0x00000000daf60000)
  from space 21824K,  54% used [0x00000000dc4b0000, 0x00000000dd04e420, 0x00000000dda00000)
  to   space 21824K,   0% used [0x00000000daf60000, 0x00000000daf60000, 0x00000000dc4b0000)
 concurrent mark-sweep generation total 393216K, used 0K [0x00000000dda00000, 0x00000000f5a00000, 0x00000000f5a00000)
 concurrent-mark-sweep perm gen total 21440K, used 21387K [0x00000000f5a00000, 0x00000000f6ef0000, 0x0000000100000000)
2016-04-08T17:47:02.257+0800: 3.261: [GC2016-04-08T17:47:02.257+0800: 3.261: [ParNew
Desired survivor size 20112992 bytes, new threshold 8 (max 8)
- age   1:     895264 bytes,     895264 total
- age   2:     894880 bytes,    1790144 total
- age   3:    3522448 bytes,    5312592 total
- age   4:    2143024 bytes,    7455616 total
: 99321K->9421K(109248K), 0.0113730 secs] 99321K->9421K(502464K), 0.0115250 secs] [Times: user=0.05 sys=0.00, real=0.01 secs] 
Heap after GC invocations=4 (full 0):
 par new generation   total 109248K, used 9421K [0x00000000d5a00000, 0x00000000dda00000, 0x00000000dda00000)
  eden space 87424K,   0% used [0x00000000d5a00000, 0x00000000d5a00000, 0x00000000daf60000)
  from space 21824K,  43% used [0x00000000daf60000, 0x00000000db893420, 0x00000000dc4b0000)
  to   space 21824K,   0% used [0x00000000dc4b0000, 0x00000000dc4b0000, 0x00000000dda00000)
 concurrent mark-sweep generation total 393216K, used 0K [0x00000000dda00000, 0x00000000f5a00000, 0x00000000f5a00000)
 concurrent-mark-sweep perm gen total 21440K, used 21387K [0x00000000f5a00000, 0x00000000f6ef0000, 0x0000000100000000)
}
2016-04-08T17:47:02.269+0800: 3.273: Total time for which application threads were stopped: 0.0118600 seconds, Stopping threads took: 0.0000380 seconds
{Heap before GC invocations=4 (full 0):
 par new generation   total 109248K, used 96845K [0x00000000d5a00000, 0x00000000dda00000, 0x00000000dda00000)
  eden space 87424K, 100% used [0x00000000d5a00000, 0x00000000daf60000, 0x00000000daf60000)
  from space 21824K,  43% used [0x00000000daf60000, 0x00000000db893420, 0x00000000dc4b0000)
  to   space 21824K,   0% used [0x00000000dc4b0000, 0x00000000dc4b0000, 0x00000000dda00000)
 concurrent mark-sweep generation total 393216K, used 0K [0x00000000dda00000, 0x00000000f5a00000, 0x00000000f5a00000)
 concurrent-mark-sweep perm gen total 23360K, used 23235K [0x00000000f5a00000, 0x00000000f70d0000, 0x0000000100000000)
2016-04-08T17:47:02.787+0800: 3.791: [GC2016-04-08T17:47:02.787+0800: 3.791: [ParNew
Desired survivor size 20112992 bytes, new threshold 8 (max 8)
- age   1:    1748296 bytes,    1748296 total
- age   2:     147112 bytes,    1895408 total
- age   3:     207616 bytes,    2103024 total
- age   4:    3517088 bytes,    5620112 total
- age   5:    2142632 bytes,    7762744 total
: 96845K->8498K(109248K), 0.0124770 secs] 96845K->8498K(502464K), 0.0125590 secs] [Times: user=0.04 sys=0.00, real=0.02 secs] 
Heap after GC invocations=5 (full 0):
 par new generation   total 109248K, used 8498K [0x00000000d5a00000, 0x00000000dda00000, 0x00000000dda00000)
  eden space 87424K,   0% used [0x00000000d5a00000, 0x00000000d5a00000, 0x00000000daf60000)
  from space 21824K,  38% used [0x00000000dc4b0000, 0x00000000dccfca20, 0x00000000dda00000)
  to   space 21824K,   0% used [0x00000000daf60000, 0x00000000daf60000, 0x00000000dc4b0000)
 concurrent mark-sweep generation total 393216K, used 0K [0x00000000dda00000, 0x00000000f5a00000, 0x00000000f5a00000)
 concurrent-mark-sweep perm gen total 23360K, used 23235K [0x00000000f5a00000, 0x00000000f70d0000, 0x0000000100000000)
}
2016-04-08T17:47:02.800+0800: 3.804: Total time for which application threads were stopped: 0.0128030 seconds, Stopping threads took: 0.0000240 seconds
2016-04-08T17:47:03.078+0800: 4.082: Total time for which application threads were stopped: 0.0003710 seconds, Stopping threads took: 0.0000460 seconds
2016-04-08T17:47:04.078+0800: 5.082: Total time for which application threads were stopped: 0.0003030 seconds, Stopping threads took: 0.0000600 seconds
2016-04-08T17:47:07.955+0800: 8.959: Total time for which application threads were stopped: 0.0001300 seconds, Stopping threads took: 0.0000230 seconds
2016-04-08T17:47:07.962+0800: 8.966: Total time for which application threads were stopped: 0.0000640 seconds, Stopping threads took: 0.0000240 seconds
2016-04-08T17:47:07.967+0800: 8.971: Total time for which application threads were stopped: 0.0001150 seconds, Stopping threads took: 0.0000360 seconds
2016-04-08T17:47:07.967+0800: 8.971: Total time for which application threads were stopped: 0.0000820 seconds, Stopping threads took: 0.0000370 seconds
2016-04-08T17:47:08.440+0800: 9.444: Total time for which application threads were stopped: 0.0000730 seconds, Stopping threads took: 0.0000230 seconds
2016-04-08T17:47:08.546+0800: 9.550: Total time for which application threads were stopped: 0.0001210 seconds, Stopping threads took: 0.0000220 seconds
2016-04-08T17:47:08.546+0800: 9.550: Total time for which application threads were stopped: 0.0000420 seconds, Stopping threads took: 0.0000160 seconds
2016-04-08T17:47:08.549+0800: 9.553: Total time for which application threads were stopped: 0.0000910 seconds, Stopping threads took: 0.0000330 seconds
2016-04-08T17:47:08.550+0800: 9.554: Total time for which application threads were stopped: 0.0001480 seconds, Stopping threads took: 0.0001140 seconds
2016-04-08T17:47:08.551+0800: 9.555: Total time for which application threads were stopped: 0.0000760 seconds, Stopping threads took: 0.0000250 seconds
2016-04-08T17:47:08.568+0800: 9.572: Total time for which application threads were stopped: 0.0000810 seconds, Stopping threads took: 0.0000260 seconds
2016-04-08T17:47:08.569+0800: 9.573: Total time for which application threads were stopped: 0.0000610 seconds, Stopping threads took: 0.0000180 seconds
2016-04-08T17:47:08.570+0800: 9.574: Total time for which application threads were stopped: 0.0000710 seconds, Stopping threads took: 0.0000220 seconds
2016-04-08T17:47:08.577+0800: 9.581: Total time for which application threads were stopped: 0.0000860 seconds, Stopping threads took: 0.0000270 seconds
2016-04-08T17:47:08.577+0800: 9.581: Total time for which application threads were stopped: 0.0000430 seconds, Stopping threads took: 0.0000150 seconds
2016-04-08T17:47:08.578+0800: 9.582: Total time for which application threads were stopped: 0.0000650 seconds, Stopping threads took: 0.0000330 seconds
2016-04-08T17:47:08.578+0800: 9.582: Total time for which application threads were stopped: 0.0000680 seconds, Stopping threads took: 0.0000320 seconds
2016-04-08T17:47:08.579+0800: 9.583: Total time for which application threads were stopped: 0.0003310 seconds, Stopping threads took: 0.0002650 seconds
2016-04-08T17:47:08.581+0800: 9.585: Total time for which application threads were stopped: 0.0000820 seconds, Stopping threads took: 0.0000270 seconds
2016-04-08T17:47:08.581+0800: 9.585: Total time for which application threads were stopped: 0.0000430 seconds, Stopping threads took: 0.0000150 seconds
2016-04-08T17:47:08.582+0800: 9.586: Total time for which application threads were stopped: 0.0000770 seconds, Stopping threads took: 0.0000250 seconds
2016-04-08T17:47:08.587+0800: 9.591: Total time for which application threads were stopped: 0.0005360 seconds, Stopping threads took: 0.0004410 seconds
2016-04-08T17:47:08.588+0800: 9.592: Total time for which application threads were stopped: 0.0004860 seconds, Stopping threads took: 0.0004340 seconds
2016-04-08T17:47:08.590+0800: 9.594: Total time for which application threads were stopped: 0.0002300 seconds, Stopping threads took: 0.0000360 seconds
2016-04-08T17:47:08.601+0800: 9.605: Total time for which application threads were stopped: 0.0001510 seconds, Stopping threads took: 0.0000870 seconds
2016-04-08T17:47:08.603+0800: 9.607: Total time for which application threads were stopped: 0.0000690 seconds, Stopping threads took: 0.0000230 seconds
2016-04-08T17:47:08.614+0800: 9.618: Total time for which application threads were stopped: 0.0000830 seconds, Stopping threads took: 0.0000250 seconds
2016-04-08T17:47:08.616+0800: 9.620: Total time for which application threads were stopped: 0.0000950 seconds, Stopping threads took: 0.0000310 seconds
2016-04-08T17:47:08.617+0800: 9.621: Total time for which application threads were stopped: 0.0000940 seconds, Stopping threads took: 0.0000460 seconds
2016-04-08T17:47:08.919+0800: 9.923: Total time for which application threads were stopped: 0.0000780 seconds, Stopping threads took: 0.0000310 seconds
2016-04-08T17:47:08.919+0800: 9.923: Total time for which application threads were stopped: 0.0002520 seconds, Stopping threads took: 0.0002050 seconds
2016-04-08T17:47:08.921+0800: 9.925: Total time for which application threads were stopped: 0.0000700 seconds, Stopping threads took: 0.0000280 seconds
2016-04-08T17:47:08.922+0800: 9.926: Total time for which application threads were stopped: 0.0000770 seconds, Stopping threads took: 0.0000310 seconds
2016-04-08T17:47:09.333+0800: 10.337: Total time for which application threads were stopped: 0.0002430 seconds, Stopping threads took: 0.0000240 seconds
2016-04-08T17:47:09.336+0800: 10.340: Total time for which application threads were stopped: 0.0000830 seconds, Stopping threads took: 0.0000230 seconds
2016-04-08T17:47:09.336+0800: 10.340: Total time for which application threads were stopped: 0.0000640 seconds, Stopping threads took: 0.0000250 seconds
2016-04-08T17:47:09.336+0800: 10.340: Total time for which application threads were stopped: 0.0000710 seconds, Stopping threads took: 0.0000280 seconds
2016-04-08T17:47:09.338+0800: 10.342: Total time for which application threads were stopped: 0.0001040 seconds, Stopping threads took: 0.0000390 seconds
2016-04-08T17:47:09.338+0800: 10.342: Total time for which application threads were stopped: 0.0000740 seconds, Stopping threads took: 0.0000340 seconds
2016-04-08T17:47:09.338+0800: 10.342: Total time for which application threads were stopped: 0.0000900 seconds, Stopping threads took: 0.0000470 seconds
2016-04-08T17:47:09.338+0800: 10.342: Total time for which application threads were stopped: 0.0000610 seconds, Stopping threads took: 0.0000310 seconds
2016-04-08T17:47:09.338+0800: 10.342: Total time for which application threads were stopped: 0.0000800 seconds, Stopping threads took: 0.0000310 seconds
2016-04-08T17:47:09.339+0800: 10.343: Total time for which application threads were stopped: 0.0000740 seconds, Stopping threads took: 0.0000370 seconds
2016-04-08T17:47:09.447+0800: 10.451: Total time for which application threads were stopped: 0.0001090 seconds, Stopping threads took: 0.0000630 seconds
2016-04-08T17:47:09.450+0800: 10.454: Total time for which application threads were stopped: 0.0001460 seconds, Stopping threads took: 0.0000750 seconds
2016-04-08T17:47:09.527+0800: 10.531: Total time for which application threads were stopped: 0.0001130 seconds, Stopping threads took: 0.0000240 seconds
2016-04-08T17:47:09.540+0800: 10.544: Total time for which application threads were stopped: 0.0001020 seconds, Stopping threads took: 0.0000430 seconds
2016-04-08T17:47:09.540+0800: 10.544: Total time for which application threads were stopped: 0.0000520 seconds, Stopping threads took: 0.0000170 seconds
2016-04-08T17:47:09.541+0800: 10.545: Total time for which application threads were stopped: 0.0000940 seconds, Stopping threads took: 0.0000470 seconds
2016-04-08T17:47:09.541+0800: 10.545: Total time for which application threads were stopped: 0.0000660 seconds, Stopping threads took: 0.0000360 seconds
2016-04-08T17:47:09.541+0800: 10.545: Total time for which application threads were stopped: 0.0000560 seconds, Stopping threads took: 0.0000260 seconds
2016-04-08T17:47:09.541+0800: 10.545: Total time for which application threads were stopped: 0.0000740 seconds, Stopping threads took: 0.0000330 seconds
2016-04-08T17:47:09.541+0800: 10.545: Total time for which application threads were stopped: 0.0000490 seconds, Stopping threads took: 0.0000130 seconds
2016-04-08T17:47:09.542+0800: 10.546: Total time for which application threads were stopped: 0.0000800 seconds, Stopping threads took: 0.0000340 seconds
2016-04-08T17:47:09.542+0800: 10.546: Total time for which application threads were stopped: 0.0000700 seconds, Stopping threads took: 0.0000390 seconds
2016-04-08T17:47:09.543+0800: 10.547: Total time for which application threads were stopped: 0.0000850 seconds, Stopping threads took: 0.0000420 seconds
2016-04-08T17:47:09.543+0800: 10.547: Total time for which application threads were stopped: 0.0000650 seconds, Stopping threads took: 0.0000330 seconds
2016-04-08T17:47:09.543+0800: 10.547: Total time for which application threads were stopped: 0.0000630 seconds, Stopping threads took: 0.0000330 seconds
2016-04-08T17:47:09.543+0800: 10.547: Total time for which application threads were stopped: 0.0000630 seconds, Stopping threads took: 0.0000160 seconds
2016-04-08T17:47:09.544+0800: 10.548: Total time for which application threads were stopped: 0.0000480 seconds, Stopping threads took: 0.0000130 seconds
2016-04-08T17:47:09.544+0800: 10.548: Total time for which application threads were stopped: 0.0000470 seconds, Stopping threads took: 0.0000160 seconds
2016-04-08T17:47:09.544+0800: 10.548: Total time for which application threads were stopped: 0.0001500 seconds, Stopping threads took: 0.0001120 seconds
2016-04-08T17:47:09.544+0800: 10.548: Total time for which application threads were stopped: 0.0000620 seconds, Stopping threads took: 0.0000300 seconds
2016-04-08T17:47:09.547+0800: 10.551: Total time for which application threads were stopped: 0.0000790 seconds, Stopping threads took: 0.0000290 seconds
2016-04-08T17:47:09.548+0800: 10.552: Total time for which application threads were stopped: 0.0000460 seconds, Stopping threads took: 0.0000140 seconds
2016-04-08T17:47:09.548+0800: 10.552: Total time for which application threads were stopped: 0.0000590 seconds, Stopping threads took: 0.0000210 seconds
2016-04-08T17:47:09.548+0800: 10.552: Total time for which application threads were stopped: 0.0000450 seconds, Stopping threads took: 0.0000150 seconds
2016-04-08T17:47:09.549+0800: 10.553: Total time for which application threads were stopped: 0.0001700 seconds, Stopping threads took: 0.0000200 seconds
2016-04-08T17:47:09.551+0800: 10.555: Total time for which application threads were stopped: 0.0001210 seconds, Stopping threads took: 0.0000200 seconds
2016-04-08T17:47:09.551+0800: 10.555: Total time for which application threads were stopped: 0.0000550 seconds, Stopping threads took: 0.0000110 seconds
2016-04-08T17:47:09.553+0800: 10.557: Total time for which application threads were stopped: 0.0000950 seconds, Stopping threads took: 0.0000270 seconds
2016-04-08T17:47:09.553+0800: 10.557: Total time for which application threads were stopped: 0.0000850 seconds, Stopping threads took: 0.0000410 seconds
2016-04-08T17:47:31.852+0800: 32.856: Total time for which application threads were stopped: 0.0001680 seconds, Stopping threads took: 0.0000430 seconds
2016-04-08T17:47:31.856+0800: 32.860: Total time for which application threads were stopped: 0.0000910 seconds, Stopping threads took: 0.0000190 seconds
2016-04-08T17:47:31.857+0800: 32.861: Total time for which application threads were stopped: 0.0000520 seconds, Stopping threads took: 0.0000220 seconds
2016-04-08T17:47:31.857+0800: 32.861: Total time for which application threads were stopped: 0.0000390 seconds, Stopping threads took: 0.0000180 seconds
2016-04-08T17:47:31.857+0800: 32.861: Total time for which application threads were stopped: 0.0000360 seconds, Stopping threads took: 0.0000080 seconds
2016-04-08T17:47:31.857+0800: 32.861: Total time for which application threads were stopped: 0.0000470 seconds, Stopping threads took: 0.0000210 seconds
2016-04-08T17:47:31.858+0800: 32.862: Total time for which application threads were stopped: 0.0000550 seconds, Stopping threads took: 0.0000190 seconds
2016-04-08T17:47:31.858+0800: 32.862: Total time for which application threads were stopped: 0.0000390 seconds, Stopping threads took: 0.0000100 seconds
2016-04-08T17:47:31.858+0800: 32.862: Total time for which application threads were stopped: 0.0000450 seconds, Stopping threads took: 0.0000190 seconds
2016-04-08T17:47:31.862+0800: 32.866: Total time for which application threads were stopped: 0.0000510 seconds, Stopping threads took: 0.0000230 seconds
2016-04-08T17:47:31.862+0800: 32.866: Total time for which application threads were stopped: 0.0000290 seconds, Stopping threads took: 0.0000120 seconds
2016-04-08T17:47:31.862+0800: 32.866: Total time for which application threads were stopped: 0.0000270 seconds, Stopping threads took: 0.0000110 seconds
2016-04-08T17:47:31.862+0800: 32.866: Total time for which application threads were stopped: 0.0000260 seconds, Stopping threads took: 0.0000100 seconds
2016-04-08T17:47:31.863+0800: 32.867: Total time for which application threads were stopped: 0.0000260 seconds, Stopping threads took: 0.0000110 seconds
2016-04-08T17:47:31.863+0800: 32.867: Total time for which application threads were stopped: 0.0000250 seconds, Stopping threads took: 0.0000100 seconds
2016-04-08T17:47:31.863+0800: 32.867: Total time for which application threads were stopped: 0.0000240 seconds, Stopping threads took: 0.0000090 seconds
2016-04-08T17:47:31.863+0800: 32.867: Total time for which application threads were stopped: 0.0000240 seconds, Stopping threads took: 0.0000090 seconds
2016-04-08T17:47:31.863+0800: 32.867: Total time for which application threads were stopped: 0.0000280 seconds, Stopping threads took: 0.0000120 seconds
2016-04-08T17:47:31.869+0800: 32.873: Total time for which application threads were stopped: 0.0000940 seconds, Stopping threads took: 0.0000440 seconds
2016-04-08T17:47:31.869+0800: 32.873: Total time for which application threads were stopped: 0.0000630 seconds, Stopping threads took: 0.0000140 seconds
2016-04-08T17:47:31.869+0800: 32.873: Total time for which application threads were stopped: 0.0000610 seconds, Stopping threads took: 0.0000270 seconds
2016-04-08T17:47:31.871+0800: 32.875: Total time for which application threads were stopped: 0.0000930 seconds, Stopping threads took: 0.0000350 seconds
2016-04-08T17:47:31.871+0800: 32.875: Total time for which application threads were stopped: 0.0000700 seconds, Stopping threads took: 0.0000240 seconds
2016-04-08T17:47:31.871+0800: 32.875: Total time for which application threads were stopped: 0.0000700 seconds, Stopping threads took: 0.0000240 seconds
2016-04-08T17:47:31.872+0800: 32.876: Total time for which application threads were stopped: 0.0000620 seconds, Stopping threads took: 0.0000240 seconds
2016-04-08T17:47:31.872+0800: 32.876: Total time for which application threads were stopped: 0.0000540 seconds, Stopping threads took: 0.0000170 seconds
2016-04-08T17:47:31.873+0800: 32.877: Total time for which application threads were stopped: 0.0000580 seconds, Stopping threads took: 0.0000210 seconds
2016-04-08T17:47:31.873+0800: 32.877: Total time for which application threads were stopped: 0.0000570 seconds, Stopping threads took: 0.0000200 seconds
2016-04-08T17:47:31.873+0800: 32.877: Total time for which application threads were stopped: 0.0000580 seconds, Stopping threads took: 0.0000220 seconds
2016-04-08T17:47:31.873+0800: 32.877: Total time for which application threads were stopped: 0.0000500 seconds, Stopping threads took: 0.0000180 seconds
2016-04-08T17:47:31.874+0800: 32.878: Total time for which application threads were stopped: 0.0000490 seconds, Stopping threads took: 0.0000170 seconds
2016-04-08T17:47:31.874+0800: 32.878: Total time for which application threads were stopped: 0.0000510 seconds, Stopping threads took: 0.0000190 seconds
2016-04-08T17:47:31.874+0800: 32.878: Total time for which application threads were stopped: 0.0000490 seconds, Stopping threads took: 0.0000180 seconds
2016-04-08T17:47:31.874+0800: 32.878: Total time for which application threads were stopped: 0.0000480 seconds, Stopping threads took: 0.0000170 seconds
2016-04-08T17:47:31.875+0800: 32.879: Total time for which application threads were stopped: 0.0000590 seconds, Stopping threads took: 0.0000260 seconds
2016-04-08T17:47:31.875+0800: 32.879: Total time for which application threads were stopped: 0.0001070 seconds, Stopping threads took: 0.0000660 seconds
2016-04-08T17:47:31.876+0800: 32.880: Total time for which application threads were stopped: 0.0000430 seconds, Stopping threads took: 0.0000180 seconds
2016-04-08T17:47:31.876+0800: 32.880: Total time for which application threads were stopped: 0.0000760 seconds, Stopping threads took: 0.0000400 seconds
2016-04-08T17:47:31.877+0800: 32.881: Total time for which application threads were stopped: 0.0000520 seconds, Stopping threads took: 0.0000270 seconds
2016-04-08T17:47:31.877+0800: 32.881: Total time for which application threads were stopped: 0.0000520 seconds, Stopping threads took: 0.0000180 seconds
2016-04-08T17:47:31.878+0800: 32.882: Total time for which application threads were stopped: 0.0002230 seconds, Stopping threads took: 0.0000180 seconds
2016-04-08T17:47:31.881+0800: 32.885: Total time for which application threads were stopped: 0.0001320 seconds, Stopping threads took: 0.0000640 seconds
Heap
 par new generation   total 109248K, used 80678K [0x00000000d5a00000, 0x00000000dda00000, 0x00000000dda00000)
  eden space 87424K,  82% used [0x00000000d5a00000, 0x00000000da07d0f0, 0x00000000daf60000)
  from space 21824K,  38% used [0x00000000dc4b0000, 0x00000000dccfca20, 0x00000000dda00000)
  to   space 21824K,   0% used [0x00000000daf60000, 0x00000000daf60000, 0x00000000dc4b0000)
 concurrent mark-sweep generation total 393216K, used 0K [0x00000000dda00000, 0x00000000f5a00000, 0x00000000f5a00000)
 concurrent-mark-sweep perm gen total 29504K, used 29461K [0x00000000f5a00000, 0x00000000f76d0000, 0x0000000100000000)
